SampleID	Barcode	Read1Accepted	Read1Filtered	Read1PassedFrac	Read2Accepted	Read2Filtered	Read2PassedFrac
SMPL0		23909	258494	0.0847	20937	0	1
SMPL1		30347	97395	0.238	24941	0	1
SMPL10		34237	46250	0.425	28881	0	1
SMPL100		1118	50028	0.0219	450	0	1
SMPL101		183847	224816	0.45	117010	0	1
SMPL102		159583	179260	0.471	94953	0	1
SMPL103		50495	111821	0.311	0	0	NA
SMPL104		11655	22622	0.34	2179	0	1
SMPL105		6847	28866	0.192	0	0	NA
SMPL106		37326	61789	0.377	23951	0	1
SMPL107		564	1480	0.276	0	0	NA
SMPL108		3429	17954	0.16	0	0	NA
SMPL109		2592	8147	0.241	0	0	NA
SMPL11		63636	37950	0.626	49103	0	1
SMPL110		617	21829	0.0275	151	0	1
SMPL111		3019	7318	0.292	0	0	NA
SMPL112		4992	15167	0.248	0	0	NA
SMPL113		19	52	0.268	12	0	1
SMPL114		2325	5285	0.306	0	0	NA
SMPL115		76323	117381	0.394	8617	0	1
SMPL116		3345	12473	0.211	0	0	NA
SMPL117		56554	87954	0.391	27870	0	1
SMPL118		1112	3522	0.24	0	0	NA
SMPL119		18	355	0.0483	0	0	NA
SMPL12		35446	364974	0.0885	29486	0	1
SMPL120		4848	22549	0.177	0	0	NA
SMPL121		113134	254160	0.308	0	0	NA
SMPL122		979	51244	0.0187	287	0	1
SMPL123		2073	11140	0.157	0	0	NA
SMPL124		62068	189357	0.247	0	0	NA
SMPL125		102878	155705	0.398	58650	0	1
SMPL126		847	4310	0.164	0	0	NA
SMPL127		23323	30029	0.437	4768	0	1
SMPL128		52695	76927	0.407	30905	0	1
SMPL129		5936	19407	0.234	0	0	NA
SMPL13		42271	11450	0.787	34776	0	1
SMPL130		57784	90359	0.39	7929	0	1
SMPL131		8113	24062	0.252	0	0	NA
SMPL132		91720	122705	0.428	53176	0	1
SMPL133		36	1776	0.0199	0	0	NA
SMPL134		8784	778992	0.0112	0	0	NA
SMPL135		22	1134	0.019	0	0	NA
SMPL136		40794	55727	0.423	10090	0	1
SMPL137		8924	30043	0.229	0	0	NA
SMPL138		1389	20746	0.0628	0	0	NA
SMPL139		3303	12384	0.211	0	0	NA
SMPL14		56467	22795	0.712	44745	0	1
SMPL140		2758	6563	0.296	0	0	NA
SMPL141		25	1919	0.0129	0	0	NA
SMPL142		20953	62380	0.251	0	0	NA
SMPL143		8003	778843	0.0102	0	0	NA
SMPL144		593	2771	0.176	0	0	NA
SMPL145		5767	17142	0.252	0	0	NA
SMPL146		747	5669	0.116	0	0	NA
SMPL147		7	1254	0.00555	0	0	NA
SMPL148		125	14648	0.00846	0	0	NA
SMPL149		9726	980333	0.00982	0	0	NA
SMPL15		146828	190188	0.436	79006	0	1
SMPL150		14	2624	0.00531	0	0	NA
SMPL151		110	2027	0.0515	0	0	NA
SMPL152		54	3606	0.0148	0	0	NA
SMPL153		13612	59564	0.186	10986	0	1
SMPL154		4145	5998	0.409	2101	0	1
SMPL155		49766	59163	0.457	29719	0	1
SMPL156		3068	40960	0.0697	934	0	1
SMPL157		80640	102100	0.441	51236	0	1
SMPL158		75851	104969	0.419	41316	0	1
SMPL159		38242	94110	0.289	10058	0	1
SMPL16		83419	108789	0.434	37879	0	1
SMPL160		81503	112015	0.421	43020	0	1
SMPL161		42164	52581	0.445	6428	0	1
SMPL162		32377	57390	0.361	18745	0	1
SMPL163		44225	61618	0.418	7183	0	1
SMPL164		59717	86297	0.409	32863	0	1
SMPL165		44073	52370	0.457	9304	0	1
SMPL166		12	17	0.414	7	0	1
SMPL167		51071	66753	0.433	32788	0	1
SMPL168		236399	307662	0.435	123720	0	1
SMPL169		83067	128129	0.393	10974	0	1
SMPL17		6078	20737	0.227	0	0	NA
SMPL170		89513	108670	0.452	52937	0	1
SMPL171		426	633	0.402	89	0	1
SMPL172		29179	43475	0.402	13487	0	1
SMPL173		44087	54025	0.449	28194	0	1
SMPL174		5246	7833	0.401	2486	0	1
SMPL175		40456	64718	0.385	7561	0	1
SMPL176		21	33	0.389	9	0	1
SMPL177		70754	83113	0.46	16091	0	1
SMPL178		422	803	0.344	149	0	1
SMPL179		63	89	0.414	10	0	1
SMPL18		3	35	0.0789	0	0	NA
SMPL180		87763	131015	0.401	59500	0	1
SMPL181		103003	139950	0.424	17159	0	1
SMPL182		159938	199205	0.445	106212	0	1
SMPL183		52674	67442	0.439	12422	0	1
SMPL184		51397	67769	0.431	22858	0	1
SMPL185		45030	65067	0.409	23707	0	1
SMPL186		39329	49723	0.442	21507	0	1
SMPL187		116463	169543	0.407	14066	0	1
SMPL188		31201	37927	0.451	15899	0	1
SMPL189		75954	161031	0.321	10598	0	1
SMPL19		57230	68855	0.454	31183	0	1
SMPL190		47534	79972	0.373	23901	0	1
SMPL191		74673	98748	0.431	3745	0	1
SMPL192		125327	125650	0.499	68914	0	1
SMPL193		168452	173274	0.493	97821	0	1
SMPL194		88158	92354	0.488	46837	0	1
SMPL195		60078	90714	0.398	7391	0	1
SMPL196		68770	86605	0.443	28642	0	1
SMPL197		59341	87305	0.405	7292	0	1
SMPL198		93796	116920	0.445	50835	0	1
SMPL199		32749	47962	0.406	4030	0	1
SMPL2		15029	129160	0.104	12667	0	1
SMPL20		17869	66447	0.212	0	0	NA
SMPL200		12486	17046	0.423	7971	0	1
SMPL201		46650	55680	0.456	3844	0	1
SMPL202		27824	53155	0.344	14508	0	1
SMPL203		50844	92130	0.356	1787	0	1
SMPL204		305502	424821	0.418	171249	0	1
SMPL205		96141	132943	0.42	5781	0	1
SMPL206		252647	61327	0.805	105024	0	1
SMPL207		131237	184549	0.416	70770	0	1
SMPL208		218101	252912	0.463	7656	0	1
SMPL209		127504	38943	0.766	75638	0	1
SMPL21		40423	96483	0.295	0	0	NA
SMPL210		184589	42125	0.814	109513	0	1
SMPL211		14501	9275	0.61	8495	0	1
SMPL212		129149	41853	0.755	75445	0	1
SMPL213		95598	97440	0.495	36871	0	1
SMPL214		39945	51894	0.435	19595	0	1
SMPL215		13828	3853	0.782	2708	0	1
SMPL216		85	10301	0.00818	40	0	1
SMPL217		3979	6107	0.395	1484	0	1
SMPL218		3177	10685	0.229	1671	0	1
SMPL219		17207	16265	0.514	6561	0	1
SMPL22		33514	91167	0.269	0	0	NA
SMPL220		64579	17092	0.791	30798	0	1
SMPL221		52237	20315	0.72	28545	0	1
SMPL222		43940	19923	0.688	21001	0	1
SMPL223		2597	1274	0.671	725	0	1
SMPL224		184098	41837	0.815	113692	0	1
SMPL225		39	644	0.0571	10	0	1
SMPL226		22781	12486	0.646	13111	0	1
SMPL227		561	2869	0.164	317	0	1
SMPL228		66632	21203	0.759	36121	0	1
SMPL229		13499	12577	0.518	4709	0	1
SMPL23		9	36	0.2	0	0	NA
SMPL230		318133	78782	0.802	129361	0	1
SMPL231		192376	56116	0.774	68352	0	1
SMPL232		204	3958	0.049	114	0	1
SMPL233		39070	10576	0.787	12455	0	1
SMPL234		103073	29981	0.775	60606	0	1
SMPL235		159	5206	0.0296	45	0	1
SMPL236		555	15746	0.034	263	0	1
SMPL237		217796	40914	0.842	100273	0	1
SMPL238		50186	19137	0.724	28522	0	1
SMPL239		309835	72934	0.809	168363	0	1
SMPL24		34178	70446	0.327	0	0	NA
SMPL240		166868	51912	0.763	96208	0	1
SMPL241		217891	46234	0.825	68855	0	1
SMPL242		500	8107	0.0581	259	0	1
SMPL243		109513	30745	0.781	30542	0	1
SMPL244		37563	38710	0.492	20444	0	1
SMPL245		4066	6173	0.397	1125	0	1
SMPL246		1855	12560	0.129	983	0	1
SMPL247		224245	65898	0.773	121871	0	1
SMPL248		32889	18792	0.636	16770	0	1
SMPL249		75	10894	0.00684	26	0	1
SMPL25		35734	82582	0.302	0	0	NA
SMPL250		43798	22102	0.665	17643	0	1
SMPL251		3210	2918	0.524	853	0	1
SMPL252		113	4043	0.0272	76	0	1
SMPL253		1102	3455	0.242	379	0	1
SMPL254		256451	58157	0.815	151172	0	1
SMPL255		305	3612	0.0779	85	0	1
SMPL256		9179	72002	0.113	7590	0	1
SMPL257		45895	36815	0.555	14421	0	1
SMPL258		52285	55388	0.486	2367	0	1
SMPL259		396063	609908	0.394	131245	0	1
SMPL26		53417	83784	0.389	28555	0	1
SMPL260		78838	61654	0.561	3642	0	1
SMPL261		23652	466395	0.0483	3364	0	1
SMPL262		62186	41439	0.6	21745	0	1
SMPL263		152833	116787	0.567	44363	0	1
SMPL264		30682	445974	0.0644	4306	0	1
SMPL265		50261	41548	0.547	14242	0	1
SMPL266		1864	2656	0.412	150	0	1
SMPL267		1679	2277	0.424	227	0	1
SMPL268		1338	4010	0.25	125	0	1
SMPL269		56402	48352	0.538	20219	0	1
SMPL27		6	44	0.12	0	0	NA
SMPL270		5996	5395	0.526	228	0	1
SMPL271		55160	1246095	0.0424	7582	0	1
SMPL272		81480	94177	0.464	1587	0	1
SMPL273		21056	57441	0.268	6946	0	1
SMPL274		63224	51598	0.551	1525	0	1
SMPL275		66051	55308	0.544	17480	0	1
SMPL276		87404	71273	0.551	1537	0	1
SMPL277		40036	143258	0.218	12469	0	1
SMPL278		92042	572964	0.138	22890	0	1
SMPL279		13777	436784	0.0306	2031	0	1
SMPL28		48107	112744	0.299	0	0	NA
SMPL280		90183	59562	0.602	27273	0	1
SMPL281		43612	31235	0.583	11551	0	1
SMPL282		67589	45950	0.595	20419	0	1
SMPL283		159116	113833	0.583	44720	0	1
SMPL284		61127	50420	0.548	18416	0	1
SMPL285		91438	91310	0.5	33110	0	1
SMPL286		68339	52426	0.566	18244	0	1
SMPL287		1033	42645	0.0237	99	0	1
SMPL288		127019	222650	0.363	36895	0	1
SMPL289		185047	139713	0.57	45761	0	1
SMPL29		46	866	0.0504	0	0	NA
SMPL290		3932	116486	0.0327	801	0	1
SMPL291		1095	2113	0.341	349	0	1
SMPL292		79565	63553	0.556	2960	0	1
SMPL293		79750	70834	0.53	27313	0	1
SMPL294		19115	393011	0.0464	3488	0	1
SMPL295		89973	76673	0.54	29435	0	1
SMPL296		53054	58927	0.474	1605	0	1
SMPL297		185831	163383	0.532	63781	0	1
SMPL298		25180	492920	0.0486	4497	0	1
SMPL299		55827	47037	0.543	18161	0	1
SMPL3		16233	55757	0.225	13212	0	1
SMPL30		23	336	0.0641	0	0	NA
SMPL300		42755	77973	0.354	15568	0	1
SMPL301		180912	141485	0.561	63604	0	1
SMPL302		9907	82552	0.107	3602	0	1
SMPL303		57312	53205	0.519	22613	0	1
SMPL304		105143	80809	0.565	37677	0	1
SMPL305		121931	102971	0.542	44051	0	1
SMPL306		68159	60043	0.532	4136	0	1
SMPL307		41293	112710	0.268	15234	0	1
SMPL308		51872	42818	0.548	7723	0	1
SMPL309		56054	42945	0.566	21161	0	1
SMPL31		29	136	0.176	0	0	NA
SMPL310		36012	226137	0.137	3166	0	1
SMPL311		80327	71643	0.529	29975	0	1
SMPL312		52588	50716	0.509	3327	0	1
SMPL313		60791	50199	0.548	23881	0	1
SMPL314		48418	39780	0.549	3941	0	1
SMPL315		10219	204109	0.0477	3309	0	1
SMPL316		44832	71875	0.384	2121	0	1
SMPL317		59639	50916	0.539	21904	0	1
SMPL318		40866	46648	0.467	4465	0	1
SMPL319		22920	52366	0.304	0	0	NA
SMPL32		114908	163314	0.413	51167	0	1
SMPL320		15521	283385	0.0519	13160	0	1
SMPL321		19471	295211	0.0619	17004	0	1
SMPL322		33781	56678	0.373	27087	0	1
SMPL323		7921	32203	0.197	6564	0	1
SMPL324		14731	84638	0.148	12111	0	1
SMPL325		58005	17011	0.773	47124	0	1
SMPL326		16092	27589	0.368	12765	0	1
SMPL327		7091	86060	0.0761	5921	0	1
SMPL328		17808	81682	0.179	14006	0	1
SMPL329		33971	212372	0.138	28240	0	1
SMPL33		89117	127791	0.411	50296	0	1
SMPL330		27550	367706	0.0697	23174	0	1
SMPL331		84372	39513	0.681	66794	0	1
SMPL332		15443	88189	0.149	12745	0	1
SMPL333		64108	27885	0.697	51146	0	1
SMPL334		19563	197740	0.09	16026	0	1
SMPL335		6937	46859	0.129	5746	0	1
SMPL336		24111	335969	0.067	20871	0	1
SMPL337		70151	37537	0.651	53504	0	1
SMPL338		14528	42106	0.257	11741	0	1
SMPL339		25333	23071	0.523	0	0	NA
SMPL34		2525	6262	0.287	0	0	NA
SMPL340		15313	14369	0.516	0	0	NA
SMPL341		14717	13383	0.524	0	0	NA
SMPL342		7661	6968	0.524	0	0	NA
SMPL343		21051	23313	0.475	0	0	NA
SMPL344		24327	21470	0.531	0	0	NA
SMPL345		25078	50404	0.332	0	0	NA
SMPL346		4441	180493	0.024	0	0	NA
SMPL347		43981	82080	0.349	0	0	NA
SMPL348		13371	191999	0.0651	0	0	NA
SMPL349		35694	64772	0.355	0	0	NA
SMPL35		55025	62324	0.469	29842	0	1
SMPL350		30848	34247	0.474	0	0	NA
SMPL351		12111	13673	0.47	0	0	NA
SMPL352		20583	23043	0.472	0	0	NA
SMPL353		17833	25316	0.413	0	0	NA
SMPL354		48783	79250	0.381	0	0	NA
SMPL355		5734	11903	0.325	0	0	NA
SMPL356		7281	249413	0.0284	0	0	NA
SMPL357		18234	46299	0.283	0	0	NA
SMPL358		21633	74190	0.226	0	0	NA
SMPL359		52337	40683	0.563	0	0	NA
SMPL36		76484	92586	0.452	40700	0	1
SMPL360		59418	77626	0.434	0	0	NA
SMPL361		24305	32814	0.426	0	0	NA
SMPL362		37682	162355	0.188	0	0	NA
SMPL363		14781	49099	0.231	0	0	NA
SMPL364		35988	31251	0.535	0	0	NA
SMPL365		18402	72433	0.203	0	0	NA
SMPL366		21276	31213	0.405	0	0	NA
SMPL367		18801	15758	0.544	0	0	NA
SMPL368		7200	230505	0.0303	0	0	NA
SMPL369		12153	162687	0.0695	0	0	NA
SMPL37		1013	1377	0.424	0	0	NA
SMPL370		14032	112417	0.111	0	0	NA
SMPL371		14168	25467	0.357	0	0	NA
SMPL372		45150	79336	0.363	0	0	NA
SMPL373		108362	130648	0.453	0	0	NA
SMPL374		8663	229979	0.0363	0	0	NA
SMPL375		29821	82088	0.266	0	0	NA
SMPL376		43115	71053	0.378	0	0	NA
SMPL377		21227	29747	0.416	0	0	NA
SMPL378		67539	85012	0.443	0	0	NA
SMPL379		16142	38581	0.295	0	0	NA
SMPL38		12291	30879	0.285	0	0	NA
SMPL380		20085	43960	0.314	0	0	NA
SMPL381		27805	32658	0.46	0	0	NA
SMPL382		4161	302862	0.0136	0	0	NA
SMPL383		9263	30914	0.231	0	0	NA
SMPL384		18142	24825	0.422	0	0	NA
SMPL385		7256	455771	0.0157	0	0	NA
SMPL386		54672	70857	0.436	0	0	NA
SMPL387		14882	77873	0.16	0	0	NA
SMPL388		13231	27563	0.324	0	0	NA
SMPL389		16650	19794	0.457	0	0	NA
SMPL39		238211	292809	0.449	120894	0	1
SMPL390		55341	51753	0.517	0	0	NA
SMPL391		27391	28168	0.493	0	0	NA
SMPL392		25822	218786	0.106	0	0	NA
SMPL393		12413	174430	0.0664	0	0	NA
SMPL394		2247	221569	0.01	0	0	NA
SMPL395		12144	80020	0.132	9831	0	1
SMPL396		28493	114900	0.199	14587	0	1
SMPL397		9325	20036	0.318	1460	0	1
SMPL398		102342	57902	0.639	55824	0	1
SMPL399		23161	29683	0.438	6087	0	1
SMPL4		59431	49941	0.543	49442	0	1
SMPL40		1008	3746	0.212	0	0	NA
SMPL400		285	53340	0.00531	131	0	1
SMPL401		348	105720	0.00328	120	0	1
SMPL402		105418	43741	0.707	58162	0	1
SMPL403		34708	123439	0.219	28057	0	1
SMPL404		83262	21783	0.793	60128	0	1
SMPL405		2304	7558	0.234	1325	0	1
SMPL406		2356	8011	0.227	1049	0	1
SMPL407		123	15808	0.00772	65	0	1
SMPL408		82	371	0.181	43	0	1
SMPL409		6665	30933	0.177	3319	0	1
SMPL41		1	47	0.0208	0	0	NA
SMPL410		4429	1604	0.734	2235	0	1
SMPL411		216	27900	0.00768	111	0	1
SMPL412		229	52591	0.00434	109	0	1
SMPL413		261	485	0.35	127	0	1
SMPL414		10613	42442	0.2	5651	0	1
SMPL415		2788	1610	0.634	1475	0	1
SMPL416		367247	117964	0.757	118523	0	1
SMPL417		10385	20334	0.338	5191	0	1
SMPL418		1406	413	0.773	725	0	1
SMPL419		1716	10106	0.145	509	0	1
SMPL42		214	276	0.437	0	0	NA
SMPL420		29727	46628	0.389	17312	0	1
SMPL421		183	39069	0.00466	70	0	1
SMPL422		50393	20933	0.707	40424	0	1
SMPL423		26111	381375	0.0641	22333	0	1
SMPL424		25	15	0.625	25	0	1
SMPL425		45379	52886	0.462	34541	0	1
SMPL426		1184	97912	0.0119	614	0	1
SMPL427		395	47413	0.00826	114	0	1
SMPL428		268030	93854	0.741	163363	0	1
SMPL429		182	57850	0.00314	81	0	1
SMPL43		24500	56143	0.304	0	0	NA
SMPL430		489	41623	0.0116	230	0	1
SMPL431		149672	72474	0.674	88727	0	1
SMPL432		197797	67197	0.746	105232	0	1
SMPL433		82640	29404	0.738	47882	0	1
SMPL434		99	15868	0.0062	43	0	1
SMPL435		66676	23122	0.743	38465	0	1
SMPL436		1323	1140	0.537	728	0	1
SMPL437		299	90607	0.00329	134	0	1
SMPL438		2924	61043	0.0457	1771	0	1
SMPL439		264	70172	0.00375	113	0	1
SMPL44		172321	174414	0.497	88532	0	1
SMPL440		8887	151582	0.0554	5212	0	1
SMPL441		242	58639	0.00411	90	0	1
SMPL442		449	121388	0.00369	206	0	1
SMPL443		472	139343	0.00338	181	0	1
SMPL444		3813	120964	0.0306	1983	0	1
SMPL445		197258	49523	0.799	64760	0	1
SMPL446		39	9226	0.00421	23	0	1
SMPL447		213	15852	0.0133	60	0	1
SMPL448		366	44286	0.0082	192	0	1
SMPL449		867	91302	0.00941	382	0	1
SMPL45		8	30	0.211	0	0	NA
SMPL450		88025	35450	0.713	70080	0	1
SMPL451		25284	58774	0.301	19999	0	1
SMPL452		43996	58193	0.431	34826	0	1
SMPL453		24748	101180	0.197	19397	0	1
SMPL454		39425	373725	0.0954	32077	0	1
SMPL455		15514	111052	0.123	13086	0	1
SMPL456		23422	315705	0.0691	20027	0	1
SMPL457		21947	257913	0.0784	18681	0	1
SMPL458		81725	42295	0.659	67830	0	1
SMPL459		17218	59911	0.223	14027	0	1
SMPL46		203090	253086	0.445	148052	0	1
SMPL460		19960	116074	0.147	16130	0	1
SMPL461		28590	91973	0.237	23452	0	1
SMPL462		47223	16963	0.736	36740	0	1
SMPL463		97436	39824	0.71	79998	0	1
SMPL464		27491	389550	0.0659	23485	0	1
SMPL465		23495	384014	0.0577	19928	0	1
SMPL466		58121	24471	0.704	46219	0	1
SMPL467		97151	47868	0.67	78022	0	1
SMPL468		85591	25863	0.768	63916	0	1
SMPL469		48290	22460	0.683	36091	0	1
SMPL47		24667	60809	0.289	0	0	NA
SMPL470		123575	113417	0.521	98178	0	1
SMPL471		25814	74224	0.258	21179	0	1
SMPL472		16701	105377	0.137	13418	0	1
SMPL473		25704	353537	0.0678	22097	0	1
SMPL474		16618	75415	0.181	13651	0	1
SMPL475		25188	101235	0.199	20414	0	1
SMPL476		57963	17182	0.771	46274	0	1
SMPL477		43927	21198	0.675	35212	0	1
SMPL478		57364	127025	0.311	46173	0	1
SMPL479		41938	287792	0.127	33988	0	1
SMPL48		522	1060	0.33	0	0	NA
SMPL480		82200	89277	0.479	65900	0	1
SMPL481		39113	67578	0.367	31488	0	1
SMPL482		51901	27798	0.651	41441	0	1
SMPL483		70704	36283	0.661	56489	0	1
SMPL484		40003	71380	0.359	32683	0	1
SMPL485		51648	18253	0.739	42050	0	1
SMPL486		21972	133720	0.141	17657	0	1
SMPL487		51927	22876	0.694	41935	0	1
SMPL488		20178	45497	0.307	16242	0	1
SMPL489		76323	161865	0.32	60445	0	1
SMPL49		50105	102588	0.328	0	0	NA
SMPL490		11728	89849	0.115	9885	0	1
SMPL491		12366	56414	0.18	9972	0	1
SMPL492		825	4065	0.169	674	0	1
SMPL493		58006	33319	0.635	46343	0	1
SMPL494		54694	57333	0.488	43457	0	1
SMPL495		61991	27971	0.689	50358	0	1
SMPL496		64516	21733	0.748	51591	0	1
SMPL497		69750	23760	0.746	56267	0	1
SMPL498		21832	6864	0.761	17401	0	1
SMPL499		811	252	0.763	658	0	1
SMPL5		14211	91996	0.134	11924	0	1
SMPL50		11353	25214	0.31	0	0	NA
SMPL500		6742	15116	0.308	5514	0	1
SMPL501		26160	271329	0.0879	21968	0	1
SMPL502		806	9520	0.0781	0	0	NA
SMPL503		82755	70316	0.541	0	0	NA
SMPL504		255	358	0.416	0	0	NA
SMPL505		41478	30353	0.577	0	0	NA
SMPL506		85	125	0.405	0	0	NA
SMPL507		4490	121639	0.0356	1852	0	1
SMPL508		5952	182464	0.0316	2401	0	1
SMPL509		4508	136488	0.032	1825	0	1
SMPL51		35	30	0.538	23	0	1
SMPL510		3456	99167	0.0337	1405	0	1
SMPL511		5211	148271	0.034	2221	0	1
SMPL512		3894	239704	0.016	183	0	1
SMPL513		5520	140051	0.0379	2292	0	1
SMPL514		4358	9542	0.314	844	0	1
SMPL515		25114	51281	0.329	5502	0	1
SMPL516		4876	136797	0.0344	2103	0	1
SMPL517		5985	109634	0.0518	89	0	1
SMPL518		5094	77711	0.0615	86	0	1
SMPL519		4427	249554	0.0174	169	0	1
SMPL52		12324	28698	0.3	0	0	NA
SMPL520		2907	234441	0.0122	85	0	1
SMPL521		4614	227778	0.0199	168	0	1
SMPL522		4560	281838	0.0159	172	0	1
SMPL523		3099	204529	0.0149	132	0	1
SMPL53		10397	25751	0.288	0	0	NA
SMPL54		1	24	0.04	0	0	NA
SMPL55		14	70	0.167	0	0	NA
SMPL56		7	48	0.127	0	0	NA
SMPL57		340940	370559	0.479	175515	0	1
SMPL58		63629	166547	0.276	0	0	NA
SMPL59		12649	26355	0.324	0	0	NA
SMPL6		64526	64807	0.499	52591	0	1
SMPL60		3602	9407	0.277	0	0	NA
SMPL61		73	473	0.134	0	0	NA
SMPL62		50445	70599	0.417	26626	0	1
SMPL63		1931	3450	0.359	0	0	NA
SMPL64		168327	172021	0.495	91102	0	1
SMPL65		108335	133694	0.448	11512	0	1
SMPL66		35792	99080	0.265	0	0	NA
SMPL67		4	29	0.121	0	0	NA
SMPL68		65014	102946	0.387	33907	0	1
SMPL69		99001	139908	0.414	5787	0	1
SMPL7		67163	50247	0.572	54056	0	1
SMPL70		89146	134890	0.398	50989	0	1
SMPL71		23901	173725	0.121	19349	0	1
SMPL72		7	103	0.0636	0	0	NA
SMPL73		8	27	0.229	0	0	NA
SMPL74		10746	25062	0.3	0	0	NA
SMPL75		205	6910	0.0288	56	0	1
SMPL76		11942	28775	0.293	0	0	NA
SMPL77		3	10	0.231	0	0	NA
SMPL78		19	55	0.257	0	0	NA
SMPL79		3332	42753	0.0723	1833	0	1
SMPL8		30515	562999	0.0514	26812	0	1
SMPL80		277	608	0.313	0	0	NA
SMPL81		15000	34863	0.301	0	0	NA
SMPL82		51	502	0.0922	0	0	NA
SMPL83		98937	113450	0.466	52940	0	1
SMPL84		57	206	0.217	0	0	NA
SMPL85		13367	388867	0.0332	0	0	NA
SMPL86		19001	48841	0.28	0	0	NA
SMPL87		24	857	0.0272	0	0	NA
SMPL88		61666	173292	0.262	0	0	NA
SMPL89		12483	32562	0.277	0	0	NA
SMPL9		137727	50277	0.733	111741	0	1
SMPL90		102542	267335	0.277	0	0	NA
SMPL91		2007	5540	0.266	0	0	NA
SMPL92		28983	49890	0.367	16079	0	1
SMPL93		6609	25142	0.208	0	0	NA
SMPL94		17326	38020	0.313	0	0	NA
SMPL95		529	20239	0.0255	199	0	1
SMPL96		122936	158405	0.437	67986	0	1
SMPL97		10086	21220	0.322	0	0	NA
SMPL98		32662	80093	0.29	0	0	NA
SMPL99		160467	187364	0.461	98474	0	1
