8.3062% of 281910 reads accepted (88.7553% end-trimmed)
Pair 2: 7.42684% of 281910 reads accepted (95.3248% end - trimmed)
23.0924% of 126639 reads accepted (95.4453% end-trimmed)
Pair 2: 19.6946% of 126639 reads accepted (93.0077% end - trimmed)
10.2245% of 143870 reads accepted (96.5378% end-trimmed)
Pair 2: 8.80448% of 143870 reads accepted (94.4839% end - trimmed)
22.1119% of 71586 reads accepted (95.21% end-trimmed)
Pair 2: 18.4575% of 71586 reads accepted (92.0431% end - trimmed)
52.905% of 106043 reads accepted (96.061% end-trimmed)
Pair 2: 46.6245% of 106043 reads accepted (91.048% end - trimmed)
13.1376% of 105910 reads accepted (96.1732% end-trimmed)
Pair 2: 11.2586% of 105910 reads accepted (94.3131% end - trimmed)
48.1834% of 125070 reads accepted (96.1573% end-trimmed)
Pair 2: 42.0493% of 125070 reads accepted (91.7654% end - trimmed)
55.7529% of 113560 reads accepted (95.5935% end-trimmed)
Pair 2: 47.6021% of 113560 reads accepted (89.1018% end - trimmed)
5.03501% of 592849 reads accepted (96.9375% end-trimmed)
Pair 2: 4.52257% of 592849 reads accepted (95.973% end - trimmed)
71.7932% of 178244 reads accepted (95.6206% end-trimmed)
Pair 2: 62.6899% of 178244 reads accepted (87.2304% end - trimmed)
41.0046% of 78396 reads accepted (95.8965% end-trimmed)
Pair 2: 36.8399% of 78396 reads accepted (92.881% end - trimmed)
61.1331% of 97641 reads accepted (94.6805% end-trimmed)
Pair 2: 50.2893% of 97641 reads accepted (84.6315% end - trimmed)
8.62149% of 399409 reads accepted (96.076% end-trimmed)
Pair 2: 7.38241% of 399409 reads accepted (94.4801% end - trimmed)
77.4211% of 50711 reads accepted (96.4564% end-trimmed)
Pair 2: 68.5768% of 50711 reads accepted (91.351% end - trimmed)
69.8841% of 75691 reads accepted (95.3878% end-trimmed)
Pair 2: 59.1153% of 75691 reads accepted (85.9032% end - trimmed)
38.0307% of 306907 reads accepted (65.1207% end-trimmed)
Pair 2: 25.7472% of 306907 reads accepted (34.5333% end - trimmed)
37.789% of 174871 reads accepted (64.0524% end-trimmed)
Pair 2: 21.6617% of 174871 reads accepted (29.0706% end - trimmed)
19.5742% of 25784 reads accepted (72.4674% end-trimmed)
Pair 2: 0% of 25784 reads accepted (75.4383% end - trimmed)
7.89474% of 38 reads accepted (31.5789% end-trimmed)
Pair 2: 0% of 38 reads accepted (81.5789% end - trimmed)
39.3123% of 113458 reads accepted (67.1993% end-trimmed)
Pair 2: 27.4859% of 113458 reads accepted (38.3772% end - trimmed)
17.9028% of 80937 reads accepted (76.0073% end-trimmed)
Pair 2: 0% of 80937 reads accepted (76.4928% end - trimmed)
24.892% of 128459 reads accepted (65.0963% end-trimmed)
Pair 2: 0% of 128459 reads accepted (66.8587% end - trimmed)
22.51% of 117650 reads accepted (59.8504% end-trimmed)
Pair 2: 0% of 117650 reads accepted (66.2643% end - trimmed)
14.2857% of 42 reads accepted (73.8095% end-trimmed)
Pair 2: 0% of 42 reads accepted (69.0476% end - trimmed)
28.1933% of 98105 reads accepted (68.8517% end-trimmed)
Pair 2: 0% of 98105 reads accepted (66.1393% end - trimmed)
25.7223% of 111180 reads accepted (66.8376% end-trimmed)
Pair 2: 0% of 111180 reads accepted (66.4292% end - trimmed)
33.7409% of 126449 reads accepted (67.9033% end-trimmed)
Pair 2: 22.5822% of 126449 reads accepted (41.4752% end - trimmed)
12% of 50 reads accepted (56% end-trimmed)
Pair 2: 0% of 50 reads accepted (64% end - trimmed)
25.5771% of 151491 reads accepted (66.9135% end-trimmed)
Pair 2: 0% of 151491 reads accepted (66.9195% end - trimmed)
4.30939% of 905 reads accepted (88.6188% end-trimmed)
Pair 2: 0% of 905 reads accepted (84.0884% end - trimmed)
5.61798% of 356 reads accepted (82.3034% end-trimmed)
Pair 2: 0% of 356 reads accepted (85.6742% end - trimmed)
15.528% of 161 reads accepted (83.8509% end-trimmed)
Pair 2: 0% of 161 reads accepted (80.1242% end - trimmed)
35.5036% of 253214 reads accepted (60.0192% end-trimmed)
Pair 2: 20.2082% of 253214 reads accepted (25.7506% end - trimmed)
34.9459% of 196438 reads accepted (60.5591% end-trimmed)
Pair 2: 25.6045% of 196438 reads accepted (34.9942% end - trimmed)
24.4996% of 8294 reads accepted (63.2023% end-trimmed)
Pair 2: 0% of 8294 reads accepted (68.2783% end - trimmed)
40.8837% of 105426 reads accepted (65.9818% end-trimmed)
Pair 2: 28.3071% of 105426 reads accepted (35.5852% end - trimmed)
39.4708% of 152961 reads accepted (67.2616% end-trimmed)
Pair 2: 26.6081% of 152961 reads accepted (35.5679% end - trimmed)
38.4993% of 2239 reads accepted (85.038% end-trimmed)
Pair 2: 0% of 2239 reads accepted (67.7088% end - trimmed)
24.1935% of 40734 reads accepted (65.7485% end-trimmed)
Pair 2: 0% of 40734 reads accepted (66.4875% end - trimmed)
38.8565% of 478888 reads accepted (64.5863% end-trimmed)
Pair 2: 25.2456% of 478888 reads accepted (32.5343% end - trimmed)
18.9353% of 4621 reads accepted (90.1969% end-trimmed)
Pair 2: 0% of 4621 reads accepted (84.8518% end - trimmed)
2.08333% of 48 reads accepted (54.1667% end-trimmed)
Pair 2: 0% of 48 reads accepted (89.5833% end - trimmed)
39.738% of 458 reads accepted (84.4978% end-trimmed)
Pair 2: 0% of 458 reads accepted (67.6856% end - trimmed)
25.8535% of 75719 reads accepted (68.5482% end-trimmed)
Pair 2: 0% of 75719 reads accepted (67.9948% end - trimmed)
43.7833% of 310253 reads accepted (69.0646% end-trimmed)
Pair 2: 28.537% of 310253 reads accepted (34.9118% end - trimmed)
18.9189% of 37 reads accepted (59.4595% end-trimmed)
Pair 2: 0% of 37 reads accepted (78.3784% end - trimmed)
37.9186% of 407668 reads accepted (62.7714% end-trimmed)
Pair 2: 36.318% of 407668 reads accepted (45.474% end - trimmed)
24.1121% of 80130 reads accepted (65.0593% end-trimmed)
Pair 2: 0% of 80130 reads accepted (66.6767% end - trimmed)
28.8591% of 1490 reads accepted (67.9866% end-trimmed)
Pair 2: 0% of 1490 reads accepted (67.2483% end - trimmed)
27.8347% of 142157 reads accepted (71.5237% end-trimmed)
Pair 2: 0% of 142157 reads accepted (66.2359% end - trimmed)
26.2662% of 34196 reads accepted (66.3469% end-trimmed)
Pair 2: 0% of 34196 reads accepted (65.7094% end - trimmed)
48.2759% of 58 reads accepted (72.4138% end-trimmed)
Pair 2: 39.6552% of 58 reads accepted (51.7241% end - trimmed)
25.7202% of 38635 reads accepted (74.1996% end-trimmed)
Pair 2: 0% of 38635 reads accepted (69.569% end - trimmed)
24.3685% of 34048 reads accepted (62.0947% end-trimmed)
Pair 2: 0% of 34048 reads accepted (66.9232% end - trimmed)
0% of 24 reads accepted (45.8333% end-trimmed)
Pair 2: 0% of 24 reads accepted (66.6667% end - trimmed)
14.6341% of 82 reads accepted (46.3415% end-trimmed)
Pair 2: 0% of 82 reads accepted (69.5122% end - trimmed)
11.1111% of 54 reads accepted (68.5185% end-trimmed)
Pair 2: 0% of 54 reads accepted (83.3333% end - trimmed)
41.6205% of 634742 reads accepted (67.7604% end-trimmed)
Pair 2: 27.6525% of 634742 reads accepted (35.4613% end - trimmed)
22.8077% of 215756 reads accepted (59.8686% end-trimmed)
Pair 2: 0% of 215756 reads accepted (66.3889% end - trimmed)
27.7807% of 36493 reads accepted (73.6004% end-trimmed)
Pair 2: 0% of 36493 reads accepted (67.95% end - trimmed)
23.1454% of 12240 reads accepted (60.7761% end-trimmed)
Pair 2: 0% of 12240 reads accepted (66.585% end - trimmed)
10.7547% of 530 reads accepted (85.283% end-trimmed)
Pair 2: 0% of 530 reads accepted (78.1132% end - trimmed)
36.1638% of 110594 reads accepted (69.9749% end-trimmed)
Pair 2: 24.0754% of 110594 reads accepted (41.2663% end - trimmed)
31.1377% of 5010 reads accepted (70.7385% end-trimmed)
Pair 2: 0% of 5010 reads accepted (67.5249% end - trimmed)
43.0051% of 301818 reads accepted (68.7693% end-trimmed)
Pair 2: 30.1851% of 301818 reads accepted (37.4408% end - trimmed)
38.5157% of 217444 reads accepted (64.7454% end-trimmed)
Pair 2: 5.2947% of 217444 reads accepted (12.1595% end - trimmed)
21.6579% of 126471 reads accepted (59.756% end-trimmed)
Pair 2: 0% of 126471 reads accepted (66.4943% end - trimmed)
12.1212% of 33 reads accepted (54.5455% end-trimmed)
Pair 2: 0% of 33 reads accepted (84.8485% end - trimmed)
33.1046% of 153891 reads accepted (62.4767% end-trimmed)
Pair 2: 22.0338% of 153891 reads accepted (34.7876% end - trimmed)
35.0923% of 215549 reads accepted (60.6521% end-trimmed)
Pair 2: 2.68616% of 215549 reads accepted (6.81701% end - trimmed)
34.1457% of 204831 reads accepted (58.0073% end-trimmed)
Pair 2: 24.8942% of 204831 reads accepted (31.6212% end - trimmed)
11.6524% of 196638 reads accepted (97.1567% end-trimmed)
Pair 2: 9.83991% of 196638 reads accepted (94.8937% end - trimmed)
4.62963% of 108 reads accepted (40.7407% end-trimmed)
Pair 2: 0% of 108 reads accepted (77.7778% end - trimmed)
20.5882% of 34 reads accepted (88.2353% end-trimmed)
Pair 2: 0% of 34 reads accepted (88.2353% end - trimmed)
24.9865% of 33410 reads accepted (65.7707% end-trimmed)
Pair 2: 0% of 33410 reads accepted (66.7435% end - trimmed)
2.53879% of 7090 reads accepted (88.4203% end-trimmed)
Pair 2: 0.789845% of 7090 reads accepted (78.6178% end - trimmed)
24.3659% of 38045 reads accepted (62.681% end-trimmed)
Pair 2: 0% of 38045 reads accepted (65.9009% end - trimmed)
16.6667% of 12 reads accepted (75% end-trimmed)
Pair 2: 0% of 12 reads accepted (58.3333% end - trimmed)
23.6111% of 72 reads accepted (69.4444% end-trimmed)
Pair 2: 0% of 72 reads accepted (66.6667% end - trimmed)
6.03736% of 45500 reads accepted (88.6747% end-trimmed)
Pair 2: 4.02857% of 45500 reads accepted (83.6791% end - trimmed)
25.5814% of 817 reads accepted (69.0331% end-trimmed)
Pair 2: 0% of 817 reads accepted (66.9523% end - trimmed)
24.7897% of 46354 reads accepted (64.1347% end-trimmed)
Pair 2: 0% of 46354 reads accepted (66.4905% end - trimmed)
8.05861% of 546 reads accepted (84.0659% end-trimmed)
Pair 2: 0% of 546 reads accepted (80.0366% end - trimmed)
40.0772% of 189327 reads accepted (66.505% end-trimmed)
Pair 2: 27.9633% of 189327 reads accepted (35.2279% end - trimmed)
19.5312% of 256 reads accepted (77.3438% end-trimmed)
Pair 2: 0% of 256 reads accepted (75.7812% end - trimmed)
2.65256% of 399463 reads accepted (89.3742% end-trimmed)
Pair 2: 0% of 399463 reads accepted (91.2012% end - trimmed)
23.6% of 63928 reads accepted (65.0357% end-trimmed)
Pair 2: 0% of 63928 reads accepted (67.2553% end - trimmed)
1.94508% of 874 reads accepted (87.8719% end-trimmed)
Pair 2: 0% of 874 reads accepted (85.4691% end - trimmed)
21.3267% of 220268 reads accepted (58.2935% end-trimmed)
Pair 2: 0% of 220268 reads accepted (66.8536% end - trimmed)
22.8315% of 42196 reads accepted (62.9112% end-trimmed)
Pair 2: 0% of 42196 reads accepted (66.7575% end - trimmed)
22.4588% of 344765 reads accepted (59.053% end-trimmed)
Pair 2: 0% of 344765 reads accepted (66.3066% end - trimmed)
21.2845% of 7038 reads accepted (65.0185% end-trimmed)
Pair 2: 0% of 7038 reads accepted (67.2634% end - trimmed)
31.1425% of 72454 reads accepted (66.7831% end-trimmed)
Pair 2: 22.192% of 72454 reads accepted (44.54% end - trimmed)
17.3232% of 30410 reads accepted (77.3956% end-trimmed)
Pair 2: 0% of 30410 reads accepted (77.5699% end - trimmed)
26.1719% of 51498 reads accepted (68.3696% end-trimmed)
Pair 2: 0% of 51498 reads accepted (66.4938% end - trimmed)
2.2365% of 20702 reads accepted (92.1843% end-trimmed)
Pair 2: 0.96126% of 20702 reads accepted (89.8754% end - trimmed)
37.309% of 252676 reads accepted (66.8884% end-trimmed)
Pair 2: 26.908% of 252676 reads accepted (39.0876% end - trimmed)
27.4108% of 29233 reads accepted (68.1114% end-trimmed)
Pair 2: 0% of 29233 reads accepted (66.0623% end - trimmed)
24.1342% of 105572 reads accepted (68.0512% end-trimmed)
Pair 2: 0% of 105572 reads accepted (67.7566% end - trimmed)
39.7034% of 310737 reads accepted (66.0501% end-trimmed)
Pair 2: 31.6914% of 310737 reads accepted (38.4032% end - trimmed)
1.85392% of 50973 reads accepted (90.4479% end-trimmed)
Pair 2: 0.88282% of 50973 reads accepted (89.1394% end - trimmed)
38.7244% of 366893 reads accepted (64.4531% end-trimmed)
Pair 2: 31.8935% of 366893 reads accepted (40.6317% end - trimmed)
40.9517% of 303582 reads accepted (65.5342% end-trimmed)
Pair 2: 31.2779% of 303582 reads accepted (38.3165% end - trimmed)
25.6074% of 150312 reads accepted (63.5425% end-trimmed)
Pair 2: 0% of 150312 reads accepted (66.0267% end - trimmed)
27.8934% of 31373 reads accepted (64.138% end-trimmed)
Pair 2: 6.94546% of 31373 reads accepted (27.7564% end - trimmed)
15.3465% of 34099 reads accepted (76.5448% end-trimmed)
Pair 2: 0% of 34099 reads accepted (75.2133% end - trimmed)
31.931% of 90774 reads accepted (61.836% end-trimmed)
Pair 2: 26.3864% of 90774 reads accepted (40.7451% end - trimmed)
22.5941% of 1912 reads accepted (64.3828% end-trimmed)
Pair 2: 0% of 1912 reads accepted (66.1088% end - trimmed)
12.7896% of 20587 reads accepted (72.1086% end-trimmed)
Pair 2: 0% of 20587 reads accepted (75.6788% end - trimmed)
20.0412% of 10189 reads accepted (67.8673% end-trimmed)
Pair 2: 0% of 10189 reads accepted (71.1846% end - trimmed)
2.4315% of 22373 reads accepted (90.5198% end-trimmed)
Pair 2: 0.674921% of 22373 reads accepted (86.5239% end - trimmed)
24.5022% of 9693 reads accepted (70.1331% end-trimmed)
Pair 2: 0% of 9693 reads accepted (68.8229% end - trimmed)
20.039% of 18968 reads accepted (63.2961% end-trimmed)
Pair 2: 0% of 18968 reads accepted (69.728% end - trimmed)
25.7143% of 70 reads accepted (60% end-trimmed)
Pair 2: 17.1429% of 70 reads accepted (48.5714% end - trimmed)
25.7203% of 7115 reads accepted (70.1195% end-trimmed)
Pair 2: 0% of 7115 reads accepted (67.6177% end - trimmed)
32.9914% of 175173 reads accepted (58.9708% end-trimmed)
Pair 2: 4.91971% of 175173 reads accepted (11.101% end - trimmed)
17.3152% of 15085 reads accepted (62.1346% end-trimmed)
Pair 2: 0% of 15085 reads accepted (68.3063% end - trimmed)
33.1717% of 131612 reads accepted (58.8974% end-trimmed)
Pair 2: 21.1797% of 131612 reads accepted (29.0429% end - trimmed)
19.5155% of 4376 reads accepted (66.7048% end-trimmed)
Pair 2: 0% of 4376 reads accepted (69.8355% end - trimmed)
4.31267% of 371 reads accepted (85.7143% end-trimmed)
Pair 2: 0% of 371 reads accepted (85.4447% end - trimmed)
14.2949% of 26310 reads accepted (68.7115% end-trimmed)
Pair 2: 0% of 26310 reads accepted (73.7628% end - trimmed)
25.1012% of 339338 reads accepted (62.1042% end-trimmed)
Pair 2: 0% of 339338 reads accepted (66.4968% end - trimmed)
1.65243% of 52105 reads accepted (91.4058% end-trimmed)
Pair 2: 0.550811% of 52105 reads accepted (87.0915% end - trimmed)
12.7438% of 12767 reads accepted (78.139% end-trimmed)
Pair 2: 0% of 12767 reads accepted (76.7917% end - trimmed)
20.3348% of 237691 reads accepted (58.9421% end-trimmed)
Pair 2: 0% of 237691 reads accepted (69.4532% end - trimmed)
33.4864% of 234095 reads accepted (58.2054% end-trimmed)
Pair 2: 25.0565% of 234095 reads accepted (31.8332% end - trimmed)
12.8941% of 4948 reads accepted (66.633% end-trimmed)
Pair 2: 0% of 4948 reads accepted (74.4947% end - trimmed)
37.6215% of 48140 reads accepted (63.1034% end-trimmed)
Pair 2: 9.90445% of 48140 reads accepted (16.3668% end - trimmed)
34.408% of 117281 reads accepted (64.0121% end-trimmed)
Pair 2: 26.3529% of 117281 reads accepted (37.8629% end - trimmed)
19.0599% of 23977 reads accepted (66.8808% end-trimmed)
Pair 2: 0% of 23977 reads accepted (70.8012% end - trimmed)
32.8381% of 134539 reads accepted (58.3132% end-trimmed)
Pair 2: 5.8942% of 134539 reads accepted (12.7056% end - trimmed)
20.3192% of 30198 reads accepted (62.2558% end-trimmed)
Pair 2: 0% of 30198 reads accepted (68.9185% end - trimmed)
36.4282% of 193018 reads accepted (61.9699% end-trimmed)
Pair 2: 27.5513% of 193018 reads accepted (35.1786% end - trimmed)
1.76991% of 1808 reads accepted (93.6394% end-trimmed)
Pair 2: 0% of 1808 reads accepted (96.7367% end - trimmed)
0.958009% of 786527 reads accepted (94.8905% end-trimmed)
Pair 2: 0% of 786527 reads accepted (97.4296% end - trimmed)
1.64788% of 1153 reads accepted (94.9696% end-trimmed)
Pair 2: 0% of 1153 reads accepted (89.4189% end - trimmed)
36.4355% of 87670 reads accepted (65.2538% end-trimmed)
Pair 2: 11.5113% of 87670 reads accepted (22.8219% end - trimmed)
18.7786% of 36989 reads accepted (70.1127% end-trimmed)
Pair 2: 0% of 36989 reads accepted (71.9025% end - trimmed)
5.10475% of 21862 reads accepted (91.5973% end-trimmed)
Pair 2: 0% of 21862 reads accepted (86.7853% end - trimmed)
17.5938% of 15028 reads accepted (81.2018% end-trimmed)
Pair 2: 0% of 15028 reads accepted (75.9649% end - trimmed)
24.7103% of 8717 reads accepted (63.9899% end-trimmed)
Pair 2: 0% of 8717 reads accepted (66.0434% end - trimmed)
1.03146% of 1939 reads accepted (93.7081% end-trimmed)
Pair 2: 0% of 1939 reads accepted (88.8087% end - trimmed)
20.5907% of 78555 reads accepted (61.8675% end-trimmed)
Pair 2: 0% of 78555 reads accepted (69.0026% end - trimmed)
0.84332% of 785467 reads accepted (94.3734% end-trimmed)
Pair 2: 0% of 785467 reads accepted (97.0603% end - trimmed)
14.1308% of 3227 reads accepted (79.6715% end-trimmed)
Pair 2: 0% of 3227 reads accepted (77.8122% end - trimmed)
20.3993% of 21535 reads accepted (64.0074% end-trimmed)
Pair 2: 0% of 21535 reads accepted (68.8693% end - trimmed)
9.68616% of 6277 reads accepted (86.6656% end-trimmed)
Pair 2: 0% of 6277 reads accepted (82.6191% end - trimmed)
0.238663% of 1257 reads accepted (88.9419% end-trimmed)
Pair 2: 0% of 1257 reads accepted (96.2609% end - trimmed)
0.678058% of 14748 reads accepted (95.1993% end-trimmed)
Pair 2: 0% of 14748 reads accepted (90.7648% end - trimmed)
0.823894% of 988477 reads accepted (94.0065% end-trimmed)
Pair 2: 0% of 988477 reads accepted (96.0138% end - trimmed)
0.492984% of 2637 reads accepted (96.1699% end-trimmed)
Pair 2: 0% of 2637 reads accepted (91.3538% end - trimmed)
3.6597% of 2104 reads accepted (86.9772% end-trimmed)
Pair 2: 0% of 2104 reads accepted (85.5513% end - trimmed)
1.31363% of 3654 reads accepted (93.5961% end-trimmed)
Pair 2: 0% of 3654 reads accepted (89.7646% end - trimmed)
18.2756% of 72884 reads accepted (96.0567% end-trimmed)
Pair 2: 15.0733% of 72884 reads accepted (92.4963% end - trimmed)
35.7885% of 9341 reads accepted (67.4981% end-trimmed)
Pair 2: 22.4922% of 9341 reads accepted (39.803% end - trimmed)
39.8346% of 98334 reads accepted (64.3674% end-trimmed)
Pair 2: 30.2245% of 98334 reads accepted (36.2906% end - trimmed)
6.13255% of 43636 reads accepted (83.9513% end-trimmed)
Pair 2: 2.14043% of 43636 reads accepted (80.0073% end - trimmed)
37.7902% of 164122 reads accepted (62.5455% end-trimmed)
Pair 2: 31.2182% of 164122 reads accepted (37.5666% end - trimmed)
35.663% of 163155 reads accepted (60.0202% end-trimmed)
Pair 2: 25.3244% of 163155 reads accepted (31.4474% end - trimmed)
23.2763% of 122661 reads accepted (72.0392% end-trimmed)
Pair 2: 8.19984% of 122661 reads accepted (45.6437% end - trimmed)
36.341% of 175961 reads accepted (60.8345% end-trimmed)
Pair 2: 24.4486% of 175961 reads accepted (30.2982% end - trimmed)
38.1996% of 85082 reads accepted (63.6645% end-trimmed)
Pair 2: 7.55506% of 85082 reads accepted (13.1038% end - trimmed)
29.7586% of 81704 reads accepted (58.0841% end-trimmed)
Pair 2: 22.945% of 81704 reads accepted (36.6836% end - trimmed)
35.6792% of 95798 reads accepted (60.3541% end-trimmed)
Pair 2: 7.49807% of 95798 reads accepted (12.708% end - trimmed)
34.4417% of 131634 reads accepted (59.5234% end-trimmed)
Pair 2: 24.967% of 131634 reads accepted (31.1082% end - trimmed)
39.4174% of 86444 reads accepted (67.0654% end-trimmed)
Pair 2: 10.7642% of 86444 reads accepted (19.7272% end - trimmed)
39.2857% of 28 reads accepted (60.7143% end-trimmed)
Pair 2: 25% of 28 reads accepted (32.1429% end - trimmed)
36.5785% of 105253 reads accepted (60.5921% end-trimmed)
Pair 2: 31.1564% of 105253 reads accepted (38.8711% end - trimmed)
37.1551% of 489558 reads accepted (61.3831% end-trimmed)
Pair 2: 25.2724% of 489558 reads accepted (30.9018% end - trimmed)
32.7138% of 190424 reads accepted (56.7192% end-trimmed)
Pair 2: 5.76293% of 190424 reads accepted (10.7444% end - trimmed)
38.8095% of 177593 reads accepted (63.6072% end-trimmed)
Pair 2: 29.8092% of 177593 reads accepted (36.7374% end - trimmed)
33.5782% of 953 reads accepted (58.2371% end-trimmed)
Pair 2: 9.33893% of 953 reads accepted (15.2151% end - trimmed)
33.7917% of 65664 reads accepted (58.9775% end-trimmed)
Pair 2: 20.5394% of 65664 reads accepted (26.2275% end - trimmed)
38.224% of 87453 reads accepted (63.5816% end-trimmed)
Pair 2: 32.2402% of 87453 reads accepted (39.1525% end - trimmed)
34.6379% of 11984 reads accepted (59.8047% end-trimmed)
Pair 2: 20.7443% of 11984 reads accepted (26.8358% end - trimmed)
32.1472% of 95380 reads accepted (55.9866% end-trimmed)
Pair 2: 7.92829% of 95380 reads accepted (15.1688% end - trimmed)
32.6531% of 49 reads accepted (61.2245% end-trimmed)
Pair 2: 18.3673% of 49 reads accepted (20.4082% end - trimmed)
39.2311% of 136769 reads accepted (64.8634% end-trimmed)
Pair 2: 11.7651% of 136769 reads accepted (18.4062% end - trimmed)
31.073% of 1165 reads accepted (64.0343% end-trimmed)
Pair 2: 12.7897% of 1165 reads accepted (34.6781% end - trimmed)
35.9712% of 139 reads accepted (61.8705% end-trimmed)
Pair 2: 7.19424% of 139 reads accepted (12.2302% end - trimmed)
33.6404% of 197432 reads accepted (57.6315% end-trimmed)
Pair 2: 30.138% of 197432 reads accepted (36.7362% end - trimmed)
36.1696% of 219253 reads accepted (61.7319% end-trimmed)
Pair 2: 7.82794% of 219253 reads accepted (12.9672% end - trimmed)
37.7941% of 320235 reads accepted (62.7367% end-trimmed)
Pair 2: 33.1685% of 320235 reads accepted (39.5753% end - trimmed)
37.5242% of 107949 reads accepted (63.052% end-trimmed)
Pair 2: 11.5101% of 107949 reads accepted (17.3035% end - trimmed)
36.8857% of 107375 reads accepted (61.7164% end-trimmed)
Pair 2: 21.2889% of 107375 reads accepted (27.1441% end - trimmed)
34.6959% of 99637 reads accepted (67.2039% end-trimmed)
Pair 2: 23.7944% of 99637 reads accepted (39.5546% end - trimmed)
37.6725% of 79777 reads accepted (62.2874% end-trimmed)
Pair 2: 26.9602% of 79777 reads accepted (33.3342% end - trimmed)
34.4161% of 258513 reads accepted (60.6457% end-trimmed)
Pair 2: 5.44112% of 258513 reads accepted (11.0134% end - trimmed)
38.688% of 61859 reads accepted (63.7983% end-trimmed)
Pair 2: 25.7036% of 61859 reads accepted (32.7066% end - trimmed)
26.3299% of 218584 reads accepted (68.1893% end-trimmed)
Pair 2: 4.84848% of 218584 reads accepted (33.1987% end - trimmed)
31.3592% of 116508 reads accepted (67.6142% end-trimmed)
Pair 2: 20.5153% of 116508 reads accepted (40.7757% end - trimmed)
36.8405% of 156347 reads accepted (62.438% end-trimmed)
Pair 2: 2.39531% of 156347 reads accepted (4.77464% end - trimmed)
43.4012% of 222001 reads accepted (69.7132% end-trimmed)
Pair 2: 31.0427% of 222001 reads accepted (38.216% end - trimmed)
42.9978% of 303978 reads accepted (69.082% end-trimmed)
Pair 2: 32.1809% of 303978 reads accepted (38.7383% end - trimmed)
42.2845% of 160016 reads accepted (67.842% end-trimmed)
Pair 2: 29.2714% of 160016 reads accepted (36.6913% end - trimmed)
32.9415% of 135276 reads accepted (55.6329% end-trimmed)
Pair 2: 5.46438% of 135276 reads accepted (11.8602% end - trimmed)
37.8141% of 139268 reads accepted (62.97% end-trimmed)
Pair 2: 20.5675% of 139268 reads accepted (27.0198% end - trimmed)
33.9674% of 132215 reads accepted (57.765% end-trimmed)
Pair 2: 5.51602% of 132215 reads accepted (11.0456% end - trimmed)
37.981% of 188523 reads accepted (62.821% end-trimmed)
Pair 2: 26.9665% of 188523 reads accepted (32.8289% end - trimmed)
34.1823% of 72871 reads accepted (60.2352% end-trimmed)
Pair 2: 5.53169% of 72871 reads accepted (10.6517% end - trimmed)
35.5246% of 26438 reads accepted (60.7232% end-trimmed)
Pair 2: 30.1498% of 26438 reads accepted (39.5643% end - trimmed)
38.2507% of 90171 reads accepted (64.0272% end-trimmed)
Pair 2: 4.26301% of 90171 reads accepted (8.597% end - trimmed)
28.6491% of 74498 reads accepted (68.8394% end-trimmed)
Pair 2: 19.4757% of 74498 reads accepted (46.1583% end - trimmed)
29.3292% of 130365 reads accepted (62.8735% end-trimmed)
Pair 2: 1.37153% of 130365 reads accepted (15.6461% end - trimmed)
34.9174% of 652741 reads accepted (59.8888% end-trimmed)
Pair 2: 26.2371% of 652741 reads accepted (33.5551% end - trimmed)
35.4122% of 205833 reads accepted (61.2953% end-trimmed)
Pair 2: 2.80907% of 205833 reads accepted (8.11872% end - trimmed)
79.1987% of 294823 reads accepted (91.6214% end-trimmed)
Pair 2: 35.6227% of 294823 reads accepted (39.8921% end - trimmed)
34.9238% of 283589 reads accepted (59.4466% end-trimmed)
Pair 2: 24.9565% of 283589 reads accepted (32.418% end - trimmed)
39.5708% of 418526 reads accepted (65.956% end-trimmed)
Pair 2: 1.82999% of 418526 reads accepted (5.63693% end - trimmed)
75.249% of 157339 reads accepted (87.7151% end-trimmed)
Pair 2: 48.0733% of 157339 reads accepted (51.813% end - trimmed)
80.3532% of 214412 reads accepted (92.1786% end-trimmed)
Pair 2: 51.0769% of 214412 reads accepted (54.5571% end - trimmed)
59.4198% of 22856 reads accepted (69.5354% end-trimmed)
Pair 2: 37.1719% of 22856 reads accepted (41.2146% end - trimmed)
74.1573% of 161953 reads accepted (86.2608% end-trimmed)
Pair 2: 46.5857% of 161953 reads accepted (50.7055% end - trimmed)
47.3926% of 185221 reads accepted (89.4207% end-trimmed)
Pair 2: 19.9086% of 185221 reads accepted (54.6741% end - trimmed)
41.8092% of 89179 reads accepted (85.5583% end-trimmed)
Pair 2: 21.9727% of 89179 reads accepted (59.1978% end - trimmed)
76.9626% of 16725 reads accepted (91.5157% end-trimmed)
Pair 2: 16.1913% of 16725 reads accepted (20.7593% end - trimmed)
0.789752% of 10383 reads accepted (97.5633% end-trimmed)
Pair 2: 0.385245% of 10383 reads accepted (96.2535% end - trimmed)
37.8106% of 9820 reads accepted (45.5906% end-trimmed)
Pair 2: 15.112% of 9820 reads accepted (19.0733% end - trimmed)
21.8075% of 13665 reads accepted (28.6791% end-trimmed)
Pair 2: 12.2283% of 13665 reads accepted (16.2093% end - trimmed)
49.4546% of 32179 reads accepted (91.8549% end-trimmed)
Pair 2: 20.3891% of 32179 reads accepted (57.0248% end - trimmed)
77.8323% of 77103 reads accepted (91.1988% end-trimmed)
Pair 2: 39.9453% of 77103 reads accepted (44.7181% end - trimmed)
70.5165% of 68903 reads accepted (84.9789% end-trimmed)
Pair 2: 41.4278% of 68903 reads accepted (48.2185% end - trimmed)
67.1785% of 60701 reads accepted (78.9097% end-trimmed)
Pair 2: 34.5975% of 60701 reads accepted (38.2465% end - trimmed)
65.521% of 3695 reads accepted (92.6116% end-trimmed)
Pair 2: 19.6211% of 3695 reads accepted (38.8904% end - trimmed)
80.4471% of 213968 reads accepted (90.8603% end-trimmed)
Pair 2: 53.1355% of 213968 reads accepted (56.2589% end - trimmed)
5.29412% of 680 reads accepted (8.67647% end-trimmed)
Pair 2: 1.47059% of 680 reads accepted (4.70588% end - trimmed)
63.1126% of 33849 reads accepted (71.943% end-trimmed)
Pair 2: 38.7338% of 33849 reads accepted (41.886% end - trimmed)
15.7416% of 3405 reads accepted (20.793% end-trimmed)
Pair 2: 9.30984% of 3405 reads accepted (13.0103% end - trimmed)
74.1332% of 81970 reads accepted (88.0956% end-trimmed)
Pair 2: 44.0673% of 81970 reads accepted (48.7935% end - trimmed)
49.9104% of 25109 reads accepted (59.9108% end-trimmed)
Pair 2: 18.7542% of 25109 reads accepted (23.9715% end - trimmed)
78.8057% of 371714 reads accepted (91.451% end-trimmed)
Pair 2: 34.802% of 371714 reads accepted (38.6687% end - trimmed)
76.1697% of 235482 reads accepted (89.231% end-trimmed)
Pair 2: 29.0285% of 235482 reads accepted (34.0561% end - trimmed)
4.41922% of 4141 reads accepted (10.9152% end-trimmed)
Pair 2: 2.75296% of 4141 reads accepted (8.04154% end - trimmed)
77.3174% of 46626 reads accepted (92.0002% end-trimmed)
Pair 2: 26.7126% of 46626 reads accepted (32.276% end - trimmed)
76.034% of 125098 reads accepted (89.5794% end-trimmed)
Pair 2: 48.4492% of 125098 reads accepted (52.8482% end - trimmed)
2.87313% of 5360 reads accepted (8.65672% end-trimmed)
Pair 2: 0.839552% of 5360 reads accepted (6.00746% end - trimmed)
3.23849% of 16273 reads accepted (9.66017% end-trimmed)
Pair 2: 1.61617% of 16273 reads accepted (7.04849% end - trimmed)
83.2917% of 244873 reads accepted (93.6383% end-trimmed)
Pair 2: 40.949% of 244873 reads accepted (44.8792% end - trimmed)
71.0217% of 66039 reads accepted (81.3307% end-trimmed)
Pair 2: 43.1896% of 66039 reads accepted (46.7693% end - trimmed)
79.8885% of 362648 reads accepted (93.4452% end-trimmed)
Pair 2: 46.4263% of 362648 reads accepted (51.9846% end - trimmed)
74.9114% of 206915 reads accepted (92.1311% end-trimmed)
Pair 2: 46.4964% of 206915 reads accepted (55.9379% end - trimmed)
81.3907% of 248446 reads accepted (92.3895% end-trimmed)
Pair 2: 27.7143% of 248446 reads accepted (32.3636% end - trimmed)
5.4136% of 8571 reads accepted (10.8622% end-trimmed)
Pair 2: 3.02182% of 8571 reads accepted (7.25703% end - trimmed)
76.7138% of 132031 reads accepted (89.66% end-trimmed)
Pair 2: 23.1324% of 132031 reads accepted (28.257% end - trimmed)
47.4063% of 73602 reads accepted (94.2868% end-trimmed)
Pair 2: 27.7791% of 73602 reads accepted (69.7957% end - trimmed)
38.1896% of 9987 reads accepted (46.0198% end-trimmed)
Pair 2: 11.2646% of 9987 reads accepted (15.5202% end - trimmed)
12.0448% of 14280 reads accepted (17.9272% end-trimmed)
Pair 2: 6.88375% of 14280 reads accepted (10.9874% end - trimmed)
75.8321% of 272668 reads accepted (90.012% end-trimmed)
Pair 2: 44.6976% of 272668 reads accepted (48.8972% end - trimmed)
62.0095% of 49465 reads accepted (74.0706% end-trimmed)
Pair 2: 33.9028% of 49465 reads accepted (38.8214% end - trimmed)
0.59312% of 10959 reads accepted (5.10996% end-trimmed)
Pair 2: 0.237248% of 10959 reads accepted (4.05146% end - trimmed)
64.822% of 62829 reads accepted (77.5295% end-trimmed)
Pair 2: 28.0826% of 62829 reads accepted (34.6814% end - trimmed)
50.5926% of 5906 reads accepted (60.0745% end-trimmed)
Pair 2: 14.4599% of 5906 reads accepted (18.7267% end - trimmed)
2.50784% of 4147 reads accepted (5.0639% end-trimmed)
Pair 2: 1.83265% of 4147 reads accepted (3.61707% end - trimmed)
22.9483% of 4484 reads accepted (30.8207% end-trimmed)
Pair 2: 8.45227% of 4484 reads accepted (14.0723% end - trimmed)
80.4453% of 297406 reads accepted (91.7567% end-trimmed)
Pair 2: 50.8315% of 297406 reads accepted (54.4478% end - trimmed)
7.3371% of 3898 reads accepted (14.469% end-trimmed)
Pair 2: 2.18061% of 3898 reads accepted (8.26065% end - trimmed)
11.0977% of 80990 reads accepted (88.201% end-trimmed)
Pair 2: 9.37153% of 80990 reads accepted (93.8215% end - trimmed)
50.5161% of 74398 reads accepted (73.51% end-trimmed)
Pair 2: 19.3836% of 74398 reads accepted (29.4376% end - trimmed)
43.9506% of 98820 reads accepted (73.1745% end-trimmed)
Pair 2: 2.39526% of 98820 reads accepted (13.4234% end - trimmed)
34.8245% of 935794 reads accepted (81.8493% end-trimmed)
Pair 2: 14.025% of 935794 reads accepted (51.9182% end - trimmed)
50.9405% of 125672 reads accepted (74.3101% end-trimmed)
Pair 2: 2.89882% of 125672 reads accepted (9.02031% end - trimmed)
4.47365% of 488237 reads accepted (94.9471% end-trimmed)
Pair 2: 0.68901% of 488237 reads accepted (87.5147% end - trimmed)
55.5609% of 93249 reads accepted (79.4936% end-trimmed)
Pair 2: 23.3193% of 93249 reads accepted (34.262% end - trimmed)
51.7742% of 242167 reads accepted (75.2216% end-trimmed)
Pair 2: 18.3192% of 242167 reads accepted (27.7238% end - trimmed)
5.88506% of 473861 reads accepted (94.5851% end-trimmed)
Pair 2: 0.908705% of 473861 reads accepted (82.2458% end - trimmed)
49.7436% of 82672 reads accepted (74.2392% end-trimmed)
Pair 2: 17.2271% of 82672 reads accepted (27.5583% end - trimmed)
38.83% of 4342 reads accepted (69.2538% end-trimmed)
Pair 2: 3.45463% of 4342 reads accepted (21.8333% end - trimmed)
40.6258% of 3835 reads accepted (55.7757% end-trimmed)
Pair 2: 5.91917% of 3835 reads accepted (20.678% end - trimmed)
22.3921% of 5167 reads accepted (80.8206% end-trimmed)
Pair 2: 2.4192% of 5167 reads accepted (52.4289% end - trimmed)
48.5765% of 94027 reads accepted (73.0524% end-trimmed)
Pair 2: 21.5034% of 94027 reads accepted (32.7906% end - trimmed)
47.9297% of 10361 reads accepted (72.0587% end-trimmed)
Pair 2: 2.20056% of 10361 reads accepted (9.53576% end - trimmed)
3.90742% of 1296765 reads accepted (94.6555% end-trimmed)
Pair 2: 0.584686% of 1296765 reads accepted (76.0373% end - trimmed)
41.329% of 160517 reads accepted (77.2585% end-trimmed)
Pair 2: 0.98868% of 160517 reads accepted (18.5395% end - trimmed)
22.9476% of 74548 reads accepted (84.2155% end-trimmed)
Pair 2: 9.31749% of 74548 reads accepted (64.3559% end - trimmed)
50.09% of 103382 reads accepted (76.4147% end-trimmed)
Pair 2: 1.47511% of 103382 reads accepted (9.19986% end - trimmed)
49.5811% of 109697 reads accepted (74.5271% end-trimmed)
Pair 2: 15.9348% of 109697 reads accepted (27.6279% end - trimmed)
49.9019% of 142267 reads accepted (75.2416% end-trimmed)
Pair 2: 1.08036% of 142267 reads accepted (6.14127% end - trimmed)
18.9428% of 176737 reads accepted (91.2848% end-trimmed)
Pair 2: 7.05512% of 176737 reads accepted (75.1721% end - trimmed)
12.0016% of 651107 reads accepted (93.5791% end-trimmed)
Pair 2: 3.51555% of 651107 reads accepted (82.4153% end - trimmed)
2.83778% of 449541 reads accepted (96.7852% end-trimmed)
Pair 2: 0.451794% of 449541 reads accepted (94.0112% end - trimmed)
55.5749% of 134073 reads accepted (79.8938% end-trimmed)
Pair 2: 20.3419% of 134073 reads accepted (31.1487% end - trimmed)
53.4508% of 67101 reads accepted (76.4564% end-trimmed)
Pair 2: 17.2143% of 67101 reads accepted (26.2634% end - trimmed)
54.8837% of 101848 reads accepted (79.5627% end-trimmed)
Pair 2: 20.0485% of 101848 reads accepted (31.3929% end - trimmed)
53.255% of 243519 reads accepted (77.3229% end-trimmed)
Pair 2: 18.3641% of 243519 reads accepted (28.7518% end - trimmed)
49.8832% of 100605 reads accepted (79.2893% end-trimmed)
Pair 2: 18.3053% of 100605 reads accepted (34.9804% end - trimmed)
44.2824% of 163880 reads accepted (70.8201% end-trimmed)
Pair 2: 20.2044% of 163880 reads accepted (34.7681% end - trimmed)
52.0321% of 109294 reads accepted (75.1002% end-trimmed)
Pair 2: 16.6935% of 109294 reads accepted (26.3217% end - trimmed)
2.17691% of 43594 reads accepted (97.6648% end-trimmed)
Pair 2: 0.227095% of 43594 reads accepted (95.7242% end - trimmed)
32.1716% of 328255 reads accepted (86.4392% end-trimmed)
Pair 2: 11.2397% of 328255 reads accepted (56.9411% end - trimmed)
52.1391% of 291915 reads accepted (76.0732% end-trimmed)
Pair 2: 15.6761% of 291915 reads accepted (25.8842% end - trimmed)
2.91863% of 119988 reads accepted (96.7538% end-trimmed)
Pair 2: 0.667567% of 119988 reads accepted (93.0385% end - trimmed)
30.5848% of 3044 reads accepted (85.2497% end-trimmed)
Pair 2: 11.4652% of 3044 reads accepted (56.636% end - trimmed)
50.5497% of 128519 reads accepted (76.1171% end-trimmed)
Pair 2: 2.30316% of 128519 reads accepted (10.4024% end - trimmed)
48.4409% of 137384 reads accepted (77.0628% end-trimmed)
Pair 2: 19.8815% of 137384 reads accepted (36.6877% end - trimmed)
4.30913% of 410709 reads accepted (95.6653% end-trimmed)
Pair 2: 0.849263% of 410709 reads accepted (80.035% end - trimmed)
48.7726% of 149672 reads accepted (71.7395% end-trimmed)
Pair 2: 19.6663% of 149672 reads accepted (29.2653% end - trimmed)
42.4114% of 102324 reads accepted (78.3316% end-trimmed)
Pair 2: 1.56855% of 102324 reads accepted (20.3207% end - trimmed)
47.4305% of 310794 reads accepted (71.6375% end-trimmed)
Pair 2: 20.522% of 310794 reads accepted (30.618% end - trimmed)
4.49748% of 516133 reads accepted (95.8685% end-trimmed)
Pair 2: 0.871287% of 516133 reads accepted (90.958% end - trimmed)
49.2556% of 92694 reads accepted (76.6123% end-trimmed)
Pair 2: 19.5924% of 92694 reads accepted (34.3366% end - trimmed)
31.2219% of 113369 reads accepted (86.8527% end-trimmed)
Pair 2: 13.7321% of 113369 reads accepted (62.0469% end - trimmed)
51.1998% of 289927 reads accepted (75.1372% end-trimmed)
Pair 2: 21.9383% of 289927 reads accepted (32.6948% end - trimmed)
9.07569% of 90792 reads accepted (94.2781% end-trimmed)
Pair 2: 3.96731% of 90792 reads accepted (87.6189% end - trimmed)
46.9906% of 100369 reads accepted (79.4528% end-trimmed)
Pair 2: 22.5299% of 100369 reads accepted (43.5762% end - trimmed)
51.8329% of 167768 reads accepted (77.8438% end-trimmed)
Pair 2: 22.4578% of 167768 reads accepted (35.8072% end - trimmed)
49.3866% of 203446 reads accepted (71.7773% end-trimmed)
Pair 2: 21.6524% of 203446 reads accepted (31.7598% end - trimmed)
47.9336% of 115320 reads accepted (78.9152% end-trimmed)
Pair 2: 3.58654% of 115320 reads accepted (19.9211% end - trimmed)
23.3984% of 147138 reads accepted (88.0473% end-trimmed)
Pair 2: 10.3535% of 147138 reads accepted (70.6085% end - trimmed)
49.8994% of 85464 reads accepted (75.5043% end-trimmed)
Pair 2: 9.03772% of 85464 reads accepted (20.4671% end - trimmed)
51.5884% of 88708 reads accepted (76.6075% end-trimmed)
Pair 2: 23.8547% of 88708 reads accepted (36.1974% end - trimmed)
11.9257% of 256757 reads accepted (92.1381% end-trimmed)
Pair 2: 1.23307% of 256757 reads accepted (75.6719% end - trimmed)
47.7161% of 137027 reads accepted (71.8413% end-trimmed)
Pair 2: 21.8753% of 137027 reads accepted (33.7189% end - trimmed)
45.9024% of 93749 reads accepted (74.9032% end-trimmed)
Pair 2: 3.54884% of 93749 reads accepted (17.5789% end - trimmed)
49.7407% of 99880 reads accepted (74.8348% end-trimmed)
Pair 2: 23.9097% of 99880 reads accepted (36.4317% end - trimmed)
49.5849% of 78905 reads accepted (73.9231% end-trimmed)
Pair 2: 4.99461% of 78905 reads accepted (13.0739% end - trimmed)
4.0751% of 212780 reads accepted (96.001% end-trimmed)
Pair 2: 1.55513% of 212780 reads accepted (92.1548% end - trimmed)
33.7442% of 108481 reads accepted (77.9869% end-trimmed)
Pair 2: 1.95518% of 108481 reads accepted (32.8399% end - trimmed)
48.8446% of 99532 reads accepted (73.4367% end-trimmed)
Pair 2: 22.007% of 99532 reads accepted (33.9408% end - trimmed)
41.7322% of 80058 reads accepted (78.1309% end-trimmed)
Pair 2: 5.57721% of 80058 reads accepted (28.9278% end - trimmed)
25.4449% of 70238 reads accepted (75.3025% end-trimmed)
Pair 2: 0% of 70238 reads accepted (68.9655% end - trimmed)
5.06397% of 298501 reads accepted (96.7062% end-trimmed)
Pair 2: 4.4087% of 298501 reads accepted (96.9216% end - trimmed)
6.05078% of 314224 reads accepted (97.1584% end-trimmed)
Pair 2: 5.41143% of 314224 reads accepted (96.5897% end - trimmed)
35.7764% of 88251 reads accepted (95.5287% end-trimmed)
Pair 2: 30.6931% of 88251 reads accepted (91.1151% end - trimmed)
19.3089% of 39909 reads accepted (95.595% end-trimmed)
Pair 2: 16.4474% of 39909 reads accepted (92.7635% end - trimmed)
14.5459% of 99045 reads accepted (95.811% end-trimmed)
Pair 2: 12.2278% of 99045 reads accepted (93.8967% end - trimmed)
75.8215% of 70356 reads accepted (96.4125% end-trimmed)
Pair 2: 66.9794% of 70356 reads accepted (89.6427% end - trimmed)
35.4387% of 42733 reads accepted (95.2917% end-trimmed)
Pair 2: 29.8715% of 42733 reads accepted (89.6427% end - trimmed)
7.3817% of 92919 reads accepted (88.5589% end-trimmed)
Pair 2: 6.37222% of 92919 reads accepted (94.2444% end - trimmed)
17.201% of 98651 reads accepted (95.7547% end-trimmed)
Pair 2: 14.1975% of 98651 reads accepted (93.4% end - trimmed)
13.3091% of 244976 reads accepted (96.6184% end-trimmed)
Pair 2: 11.5277% of 244976 reads accepted (94.6452% end - trimmed)
6.81055% of 394579 reads accepted (97.3443% end-trimmed)
Pair 2: 5.8731% of 394579 reads accepted (95.6805% end - trimmed)
66.3275% of 117345 reads accepted (95.3104% end-trimmed)
Pair 2: 56.921% of 117345 reads accepted (87.662% end - trimmed)
14.6084% of 103276 reads accepted (95.789% end-trimmed)
Pair 2: 12.3407% of 103276 reads accepted (93.6984% end - trimmed)
67.9044% of 86881 reads accepted (95.1957% end-trimmed)
Pair 2: 58.869% of 86881 reads accepted (88.2379% end - trimmed)
8.80455% of 216831 reads accepted (95.6538% end-trimmed)
Pair 2: 7.39101% of 216831 reads accepted (94.7526% end - trimmed)
12.671% of 53658 reads accepted (87.5974% end-trimmed)
Pair 2: 10.7086% of 53658 reads accepted (95.1135% end - trimmed)
6.55094% of 359521 reads accepted (96.2105% end-trimmed)
Pair 2: 5.80522% of 359521 reads accepted (96.2189% end - trimmed)
63.5305% of 102927 reads accepted (95.9457% end-trimmed)
Pair 2: 51.9825% of 102927 reads accepted (86.8004% end - trimmed)
24.9488% of 56103 reads accepted (94.7133% end-trimmed)
Pair 2: 20.9276% of 56103 reads accepted (91.3498% end - trimmed)
47.6064% of 44034 reads accepted (83.8034% end-trimmed)
Pair 2: 0% of 44034 reads accepted (6.41095% end - trimmed)
46.9896% of 27106 reads accepted (84.5827% end-trimmed)
Pair 2: 0% of 27106 reads accepted (8.37822% end - trimmed)
48.0857% of 25779 reads accepted (85.9033% end-trimmed)
Pair 2: 0% of 25779 reads accepted (8.0647% end - trimmed)
47.6523% of 13311 reads accepted (84.3588% end-trimmed)
Pair 2: 0% of 13311 reads accepted (6.93411% end - trimmed)
45.3555% of 42663 reads accepted (91.0789% end-trimmed)
Pair 2: 0% of 42663 reads accepted (25.6639% end - trimmed)
51.2245% of 44018 reads accepted (90.8242% end-trimmed)
Pair 2: 0% of 44018 reads accepted (20.4076% end - trimmed)
31.4222% of 73499 reads accepted (91.9876% end-trimmed)
Pair 2: 0% of 73499 reads accepted (45.1448% end - trimmed)
2.2624% of 184671 reads accepted (93.789% end-trimmed)
Pair 2: 0% of 184671 reads accepted (86.3666% end - trimmed)
30.8538% of 118705 reads accepted (90.8024% end-trimmed)
Pair 2: 0% of 118705 reads accepted (40.9941% end - trimmed)
5.64835% of 203493 reads accepted (94.2961% end-trimmed)
Pair 2: 0% of 203493 reads accepted (79.7723% end - trimmed)
31.6015% of 94698 reads accepted (88.2384% end-trimmed)
Pair 2: 0% of 94698 reads accepted (34.7621% end - trimmed)
42.8159% of 59889 reads accepted (85.5483% end-trimmed)
Pair 2: 0% of 59889 reads accepted (14.8842% end - trimmed)
42.4585% of 23762 reads accepted (84.9255% end-trimmed)
Pair 2: 0% of 23762 reads accepted (12.7304% end - trimmed)
42.5147% of 40085 reads accepted (86.2642% end-trimmed)
Pair 2: 0% of 40085 reads accepted (17.3082% end - trimmed)
37.0875% of 40240 reads accepted (89.3961% end-trimmed)
Pair 2: 0% of 40240 reads accepted (30.5517% end - trimmed)
33.7746% of 119667 reads accepted (89.7131% end-trimmed)
Pair 2: 0% of 119667 reads accepted (35.008% end - trimmed)
28.8311% of 16725 reads accepted (92.8132% end-trimmed)
Pair 2: 0% of 16725 reads accepted (46.7205% end - trimmed)
2.61831% of 256119 reads accepted (96.7336% end-trimmed)
Pair 2: 0% of 256119 reads accepted (90.0741% end - trimmed)
25.9796% of 62549 reads accepted (90.9815% end-trimmed)
Pair 2: 0% of 62549 reads accepted (46.215% end - trimmed)
19.6661% of 92352 reads accepted (93.0234% end-trimmed)
Pair 2: 0% of 92352 reads accepted (60.9646% end - trimmed)
51.6191% of 84089 reads accepted (87.6226% end-trimmed)
Pair 2: 0% of 84089 reads accepted (7.05562% end - trimmed)
39.0987% of 127462 reads accepted (89.6518% end-trimmed)
Pair 2: 0% of 127462 reads accepted (26.8558% end - trimmed)
38.1031% of 53014 reads accepted (90.1422% end-trimmed)
Pair 2: 0% of 53014 reads accepted (30.1147% end - trimmed)
16.3791% of 194156 reads accepted (93.0752% end-trimmed)
Pair 2: 0% of 194156 reads accepted (62.2577% end - trimmed)
20.0902% of 61443 reads accepted (92.7852% end-trimmed)
Pair 2: 0% of 61443 reads accepted (59.8962% end - trimmed)
48.948% of 61214 reads accepted (86.7563% end-trimmed)
Pair 2: 0% of 61214 reads accepted (10.001% end - trimmed)
17.5342% of 87834 reads accepted (93.2691% end-trimmed)
Pair 2: 0% of 87834 reads accepted (64.5149% end - trimmed)
37.12% of 49639 reads accepted (88.9542% end-trimmed)
Pair 2: 0% of 49639 reads accepted (29.646% end - trimmed)
49.7449% of 31356 reads accepted (86.1366% end-trimmed)
Pair 2: 0% of 31356 reads accepted (7.58069% end - trimmed)
2.73928% of 236997 reads accepted (94.8666% end-trimmed)
Pair 2: 0% of 236997 reads accepted (87.8484% end - trimmed)
6.1663% of 173378 reads accepted (96.1183% end-trimmed)
Pair 2: 0% of 173378 reads accepted (84.539% end - trimmed)
9.50315% of 124222 reads accepted (93.2146% end-trimmed)
Pair 2: 0% of 124222 reads accepted (74.5488% end - trimmed)
32.2199% of 37573 reads accepted (89.386% end-trimmed)
Pair 2: 0% of 37573 reads accepted (37.4152% end - trimmed)
31.8911% of 116484 reads accepted (85.3156% end-trimmed)
Pair 2: 0% of 116484 reads accepted (30.6188% end - trimmed)
40.9485% of 221244 reads accepted (87.4428% end-trimmed)
Pair 2: 0% of 221244 reads accepted (22.0173% end - trimmed)
3.23274% of 237662 reads accepted (95.5428% end-trimmed)
Pair 2: 0% of 237662 reads accepted (87.6728% end - trimmed)
23.1278% of 106785 reads accepted (92.2714% end-trimmed)
Pair 2: 0% of 106785 reads accepted (53.4457% end - trimmed)
33.6418% of 107075 reads accepted (90.7299% end-trimmed)
Pair 2: 0% of 107075 reads accepted (37.4737% end - trimmed)
37.3602% of 47489 reads accepted (89.8671% end-trimmed)
Pair 2: 0% of 47489 reads accepted (31.1083% end - trimmed)
39.3642% of 140201 reads accepted (87.0472% end-trimmed)
Pair 2: 0% of 140201 reads accepted (22.9827% end - trimmed)
25.9681% of 52114 reads accepted (90.7722% end-trimmed)
Pair 2: 0% of 52114 reads accepted (48.3901% end - trimmed)
27.7627% of 60855 reads accepted (91.3072% end-trimmed)
Pair 2: 0% of 60855 reads accepted (47.2402% end - trimmed)
43.729% of 58037 reads accepted (91.2263% end-trimmed)
Pair 2: 0% of 58037 reads accepted (26.204% end - trimmed)
1.2633% of 306737 reads accepted (95.8013% end-trimmed)
Pair 2: 0% of 306737 reads accepted (91.5599% end - trimmed)
20.0734% of 38678 reads accepted (92.1842% end-trimmed)
Pair 2: 0% of 38678 reads accepted (58.5501% end - trimmed)
37.478% of 39706 reads accepted (87.0045% end-trimmed)
Pair 2: 0% of 39706 reads accepted (24.9433% end - trimmed)
1.47239% of 462582 reads accepted (94.815% end-trimmed)
Pair 2: 0% of 462582 reads accepted (90.6213% end - trimmed)
39.2718% of 116679 reads accepted (87.3542% end-trimmed)
Pair 2: 0% of 116679 reads accepted (19.3642% end - trimmed)
13.7972% of 90337 reads accepted (93.4899% end-trimmed)
Pair 2: 0% of 90337 reads accepted (68.7227% end - trimmed)
28.3277% of 38457 reads accepted (88.114% end-trimmed)
Pair 2: 0% of 38457 reads accepted (39.5455% end - trimmed)
41.4777% of 33823 reads accepted (87.9342% end-trimmed)
Pair 2: 0% of 33823 reads accepted (19.9273% end - trimmed)
46.8982% of 97460 reads accepted (84.0047% end-trimmed)
Pair 2: 0% of 97460 reads accepted (6.78227% end - trimmed)
44.8076% of 51036 reads accepted (86.1647% end-trimmed)
Pair 2: 0% of 51036 reads accepted (13.4101% end - trimmed)
9.5877% of 241987 reads accepted (95.7915% end-trimmed)
Pair 2: 0% of 241987 reads accepted (79.2844% end - trimmed)
6.08309% of 185728 reads accepted (95.4126% end-trimmed)
Pair 2: 0% of 185728 reads accepted (85.2192% end - trimmed)
0.930472% of 223650 reads accepted (97.2385% end-trimmed)
Pair 2: 0% of 223650 reads accepted (92.1628% end - trimmed)
12.8522% of 91821 reads accepted (95.6883% end-trimmed)
Pair 2: 10.7067% of 91821 reads accepted (93.6224% end - trimmed)
18.5949% of 141146 reads accepted (96.1671% end-trimmed)
Pair 2: 10.3347% of 141146 reads accepted (84.8037% end - trimmed)
30.1395% of 28680 reads accepted (95.8821% end-trimmed)
Pair 2: 5.09066% of 28680 reads accepted (67.6639% end - trimmed)
62.2156% of 153243 reads accepted (93.9188% end-trimmed)
Pair 2: 36.4284% of 153243 reads accepted (62.2423% end - trimmed)
42.3239% of 51465 reads accepted (95.7447% end-trimmed)
Pair 2: 11.8275% of 51465 reads accepted (62.5551% end - trimmed)
0.503637% of 53610 reads accepted (97.3774% end-trimmed)
Pair 2: 0.244357% of 53610 reads accepted (96.8849% end - trimmed)
0.317754% of 106057 reads accepted (97.5919% end-trimmed)
Pair 2: 0.113147% of 106057 reads accepted (96.7197% end - trimmed)
69.245% of 142224 reads accepted (93.7359% end-trimmed)
Pair 2: 40.8946% of 142224 reads accepted (59.0814% end - trimmed)
20.6869% of 155635 reads accepted (97.0116% end-trimmed)
Pair 2: 18.0281% of 155635 reads accepted (95.2536% end - trimmed)
77.8792% of 98473 reads accepted (95.7572% end-trimmed)
Pair 2: 61.0604% of 98473 reads accepted (82.1433% end - trimmed)
22.1948% of 9714 reads accepted (96.2837% end-trimmed)
Pair 2: 13.6401% of 9714 reads accepted (85.5157% end - trimmed)
21.6145% of 10220 reads accepted (96.0274% end-trimmed)
Pair 2: 10.2642% of 10220 reads accepted (82.4658% end - trimmed)
0.759621% of 15929 reads accepted (97.0494% end-trimmed)
Pair 2: 0.408061% of 15929 reads accepted (96.4028% end - trimmed)
16.2528% of 443 reads accepted (85.553% end-trimmed)
Pair 2: 9.70655% of 443 reads accepted (76.7494% end - trimmed)
16.7012% of 37135 reads accepted (95.6079% end-trimmed)
Pair 2: 8.93766% of 37135 reads accepted (86.3794% end - trimmed)
72.0167% of 5732 reads accepted (91.8353% end-trimmed)
Pair 2: 38.9916% of 5732 reads accepted (52.2505% end - trimmed)
0.697608% of 28096 reads accepted (96.8465% end-trimmed)
Pair 2: 0.395074% of 28096 reads accepted (96.7148% end - trimmed)
0.407151% of 52806 reads accepted (97.701% end-trimmed)
Pair 2: 0.206416% of 52806 reads accepted (97.2219% end - trimmed)
33.2875% of 727 reads accepted (88.9959% end-trimmed)
Pair 2: 17.4691% of 727 reads accepted (67.1252% end - trimmed)
18.8862% of 52324 reads accepted (96.1146% end-trimmed)
Pair 2: 10.8% of 52324 reads accepted (86.0542% end - trimmed)
61.9835% of 4235 reads accepted (93.2467% end-trimmed)
Pair 2: 34.8524% of 4235 reads accepted (59.3388% end - trimmed)
74.2552% of 458205 reads accepted (93.2214% end-trimmed)
Pair 2: 25.8672% of 458205 reads accepted (37.3933% end - trimmed)
32.0978% of 29946 reads accepted (95.198% end-trimmed)
Pair 2: 17.3345% of 29946 reads accepted (76.4175% end - trimmed)
76.0023% of 1721 reads accepted (92.2138% end-trimmed)
Pair 2: 42.1267% of 1721 reads accepted (48.344% end - trimmed)
13.7198% of 11713 reads accepted (95.3897% end-trimmed)
Pair 2: 4.3456% of 11713 reads accepted (85.5801% end - trimmed)
37.3069% of 74375 reads accepted (95.0212% end-trimmed)
Pair 2: 23.2766% of 74375 reads accepted (77.6269% end - trimmed)
0.428167% of 39237 reads accepted (97.2857% end-trimmed)
Pair 2: 0.178403% of 39237 reads accepted (96.6537% end - trimmed)
68.8502% of 67201 reads accepted (94.9554% end-trimmed)
Pair 2: 60.1539% of 67201 reads accepted (87.4868% end - trimmed)
6.26659% of 406872 reads accepted (96.6776% end-trimmed)
Pair 2: 5.48895% of 406872 reads accepted (96.5839% end - trimmed)
62.5% of 40 reads accepted (97.5% end-trimmed)
Pair 2: 62.5% of 40 reads accepted (77.5% end - trimmed)
44.344% of 95023 reads accepted (95.8768% end-trimmed)
Pair 2: 36.3501% of 95023 reads accepted (89.2163% end - trimmed)
1.1539% of 99055 reads accepted (95.6459% end-trimmed)
Pair 2: 0.619858% of 99055 reads accepted (91.4613% end - trimmed)
0.776411% of 47784 reads accepted (96.9843% end-trimmed)
Pair 2: 0.238574% of 47784 reads accepted (96.1975% end - trimmed)
72.7121% of 343940 reads accepted (94.7139% end-trimmed)
Pair 2: 47.4981% of 343940 reads accepted (63.2488% end - trimmed)
0.299876% of 58024 reads accepted (97.5476% end-trimmed)
Pair 2: 0.139597% of 58024 reads accepted (97.1736% end - trimmed)
1.10248% of 42087 reads accepted (97.365% end-trimmed)
Pair 2: 0.546487% of 42087 reads accepted (96.5666% end - trimmed)
65.7273% of 211463 reads accepted (93.1572% end-trimmed)
Pair 2: 41.9591% of 211463 reads accepted (62.8204% end - trimmed)
73.1873% of 250616 reads accepted (92.8919% end-trimmed)
Pair 2: 41.9897% of 250616 reads accepted (54.3297% end - trimmed)
72.2554% of 105981 reads accepted (93.8885% end-trimmed)
Pair 2: 45.1798% of 105981 reads accepted (59.5701% end - trimmed)
0.595126% of 15963 reads accepted (96.9805% end-trimmed)
Pair 2: 0.269373% of 15963 reads accepted (96.9492% end - trimmed)
72.7467% of 84841 reads accepted (93.9723% end-trimmed)
Pair 2: 45.3377% of 84841 reads accepted (59.1212% end - trimmed)
52.121% of 2381 reads accepted (92.9021% end-trimmed)
Pair 2: 30.5754% of 2381 reads accepted (64.9307% end - trimmed)
0.309172% of 90888 reads accepted (97.7192% end-trimmed)
Pair 2: 0.147434% of 90888 reads accepted (97.3231% end - trimmed)
4.28681% of 63777 reads accepted (96.7637% end-trimmed)
Pair 2: 2.77686% of 63777 reads accepted (94.9951% end - trimmed)
0.352173% of 70420 reads accepted (97.7222% end-trimmed)
Pair 2: 0.160466% of 70420 reads accepted (97.2678% end - trimmed)
5.202% of 159900 reads accepted (96.4415% end-trimmed)
Pair 2: 3.26016% of 159900 reads accepted (94.5253% end - trimmed)
0.405924% of 58878 reads accepted (97.6545% end-trimmed)
Pair 2: 0.152858% of 58878 reads accepted (97.0583% end - trimmed)
0.343987% of 121807 reads accepted (98.4582% end-trimmed)
Pair 2: 0.16912% of 121807 reads accepted (97.4575% end - trimmed)
0.319765% of 139790 reads accepted (97.5342% end-trimmed)
Pair 2: 0.12948% of 139790 reads accepted (97.2437% end - trimmed)
2.86435% of 124531 reads accepted (96.7101% end-trimmed)
Pair 2: 1.59237% of 124531 reads accepted (95.2124% end - trimmed)
78.5652% of 231040 reads accepted (91.7486% end-trimmed)
Pair 2: 28.0311% of 231040 reads accepted (33.312% end - trimmed)
0.41019% of 9264 reads accepted (96.9775% end-trimmed)
Pair 2: 0.248273% of 9264 reads accepted (96.6861% end - trimmed)
1.23364% of 16050 reads accepted (96.6978% end-trimmed)
Pair 2: 0.373832% of 16050 reads accepted (95.5763% end - trimmed)
0.75744% of 44624 reads accepted (95.7758% end-trimmed)
Pair 2: 0.430262% of 44624 reads accepted (96.5489% end - trimmed)
0.896579% of 92128 reads accepted (96.8859% end-trimmed)
Pair 2: 0.41464% of 92128 reads accepted (96.3355% end - trimmed)
69.5562% of 116444 reads accepted (94.8585% end-trimmed)
Pair 2: 60.1834% of 116444 reads accepted (87.4575% end - trimmed)
29.0049% of 82786 reads accepted (95.3458% end-trimmed)
Pair 2: 24.1575% of 82786 reads accepted (89.9077% end - trimmed)
41.1205% of 98834 reads accepted (95.5339% end-trimmed)
Pair 2: 35.2369% of 98834 reads accepted (90.9646% end - trimmed)
19.0145% of 124936 reads accepted (96.3101% end-trimmed)
Pair 2: 15.5255% of 124936 reads accepted (92.7627% end - trimmed)
9.0202% of 410778 reads accepted (97.1926% end-trimmed)
Pair 2: 7.80884% of 410778 reads accepted (95.7692% end - trimmed)
11.9948% of 126188 reads accepted (97.0504% end-trimmed)
Pair 2: 10.3702% of 126188 reads accepted (95.2206% end - trimmed)
6.73302% of 338496 reads accepted (96.1169% end-trimmed)
Pair 2: 5.91676% of 338496 reads accepted (95.6522% end - trimmed)
7.67422% of 279351 reads accepted (97.2221% end-trimmed)
Pair 2: 6.68729% of 279351 reads accepted (96.2778% end - trimmed)
63.8541% of 117012 reads accepted (95.3193% end-trimmed)
Pair 2: 57.9684% of 117012 reads accepted (91.3043% end - trimmed)
21.8871% of 76698 reads accepted (94.5879% end-trimmed)
Pair 2: 18.2886% of 76698 reads accepted (91.945% end - trimmed)
14.3429% of 135510 reads accepted (96.0202% end-trimmed)
Pair 2: 11.9039% of 135510 reads accepted (93.7577% end - trimmed)
22.7793% of 119104 reads accepted (95.9111% end-trimmed)
Pair 2: 19.6904% of 119104 reads accepted (92.975% end - trimmed)
71.8162% of 60187 reads accepted (96.6837% end-trimmed)
Pair 2: 61.0447% of 60187 reads accepted (89.4944% end - trimmed)
69.1719% of 129181 reads accepted (96.676% end-trimmed)
Pair 2: 61.9271% of 129181 reads accepted (91.0428% end - trimmed)
6.44588% of 416390 reads accepted (96.5138% end-trimmed)
Pair 2: 5.64014% of 416390 reads accepted (96.9769% end - trimmed)
5.6203% of 406882 reads accepted (97.184% end-trimmed)
Pair 2: 4.89773% of 406882 reads accepted (97.1776% end - trimmed)
68.5013% of 77689 reads accepted (94.7225% end-trimmed)
Pair 2: 59.4923% of 77689 reads accepted (86.2233% end - trimmed)
65.0823% of 137088 reads accepted (96.2323% end-trimmed)
Pair 2: 56.9145% of 137088 reads accepted (89.4549% end - trimmed)
75.2697% of 104580 reads accepted (95.9352% end-trimmed)
Pair 2: 61.1168% of 104580 reads accepted (85.459% end - trimmed)
66.4901% of 67025 reads accepted (94.8825% end-trimmed)
Pair 2: 53.8471% of 67025 reads accepted (83.3614% end - trimmed)
50.1223% of 227390 reads accepted (95.484% end-trimmed)
Pair 2: 43.1769% of 227390 reads accepted (89.5475% end - trimmed)
24.599% of 98439 reads accepted (96.3561% end-trimmed)
Pair 2: 21.5159% of 98439 reads accepted (93.5422% end - trimmed)
13.3541% of 121618 reads accepted (95.3444% end-trimmed)
Pair 2: 11.0329% of 121618 reads accepted (94.0593% end - trimmed)
6.62312% of 378613 reads accepted (97.4953% end-trimmed)
Pair 2: 5.8363% of 378613 reads accepted (97.2402% end - trimmed)
17.7069% of 91642 reads accepted (94.9903% end-trimmed)
Pair 2: 14.896% of 91642 reads accepted (92.7337% end - trimmed)
19.536% of 125814 reads accepted (95.4616% end-trimmed)
Pair 2: 16.2255% of 125814 reads accepted (92.744% end - trimmed)
75.6204% of 70477 reads accepted (95.6922% end-trimmed)
Pair 2: 65.6583% of 70477 reads accepted (87.9876% end - trimmed)
65.5502% of 61533 reads accepted (96.0558% end-trimmed)
Pair 2: 57.2262% of 61533 reads accepted (89.7681% end - trimmed)
29.5882% of 180403 reads accepted (96.6303% end-trimmed)
Pair 2: 25.5944% of 180403 reads accepted (93.6392% end - trimmed)
11.9932% of 327011 reads accepted (96.9744% end-trimmed)
Pair 2: 10.3938% of 327011 reads accepted (95.7567% end - trimmed)
45.8639% of 164912 reads accepted (96.4266% end-trimmed)
Pair 2: 39.9607% of 164912 reads accepted (91.7811% end - trimmed)
34.9636% of 103908 reads accepted (95.7385% end-trimmed)
Pair 2: 30.3037% of 103908 reads accepted (91.9766% end - trimmed)
63.2666% of 75675 reads accepted (96.403% end-trimmed)
Pair 2: 54.7618% of 75675 reads accepted (89.3611% end - trimmed)
64.1554% of 101223 reads accepted (96.0305% end-trimmed)
Pair 2: 55.8065% of 101223 reads accepted (89.7306% end - trimmed)
34.3928% of 108799 reads accepted (95.9981% end-trimmed)
Pair 2: 30.0398% of 108799 reads accepted (94.0827% end - trimmed)
72.1405% of 65518 reads accepted (96.0621% end-trimmed)
Pair 2: 64.1808% of 65518 reads accepted (90.5736% end - trimmed)
13.7774% of 155087 reads accepted (95.9113% end-trimmed)
Pair 2: 11.3852% of 155087 reads accepted (94.0582% end - trimmed)
67.4789% of 70342 reads accepted (95.2461% end-trimmed)
Pair 2: 59.6159% of 70342 reads accepted (88.8616% end - trimmed)
29.4412% of 64481 reads accepted (94.9675% end-trimmed)
Pair 2: 25.1904% of 64481 reads accepted (90.9338% end - trimmed)
30.4175% of 232623 reads accepted (96.2454% end-trimmed)
Pair 2: 25.9841% of 232623 reads accepted (93.1683% end - trimmed)
11.2848% of 101278 reads accepted (96.323% end-trimmed)
Pair 2: 9.76026% of 101278 reads accepted (93.4556% end - trimmed)
17.5559% of 68427 reads accepted (95.7283% end-trimmed)
Pair 2: 14.5747% of 68427 reads accepted (92.484% end - trimmed)
16.5812% of 4873 reads accepted (87.5846% end-trimmed)
Pair 2: 13.8313% of 4873 reads accepted (93.228% end - trimmed)
61.5649% of 86689 reads accepted (95.8357% end-trimmed)
Pair 2: 53.4601% of 86689 reads accepted (89.0644% end - trimmed)
46.8543% of 107879 reads accepted (95.7916% end-trimmed)
Pair 2: 40.2831% of 107879 reads accepted (90.2928% end - trimmed)
66.897% of 84497 reads accepted (94.6862% end-trimmed)
Pair 2: 59.5974% of 84497 reads accepted (89.7132% end - trimmed)
73.1084% of 80817 reads accepted (96.054% end-trimmed)
Pair 2: 63.8381% of 80817 reads accepted (88.5581% end - trimmed)
72.8922% of 87650 reads accepted (96.8055% end-trimmed)
Pair 2: 64.1951% of 87650 reads accepted (90.4564% end - trimmed)
74.5815% of 27004 reads accepted (95.7673% end-trimmed)
Pair 2: 64.4386% of 27004 reads accepted (87.3796% end - trimmed)
74.5968% of 992 reads accepted (95.7661% end-trimmed)
Pair 2: 66.3306% of 992 reads accepted (89.2137% end - trimmed)
29.4502% of 21426 reads accepted (95.5941% end-trimmed)
Pair 2: 25.7351% of 21426 reads accepted (93.5032% end - trimmed)
8.46437% of 296419 reads accepted (96.7188% end-trimmed)
Pair 2: 7.41113% of 296419 reads accepted (96.0917% end - trimmed)
7.50097% of 10292 reads accepted (95.3945% end-trimmed)
Pair 2: 0% of 10292 reads accepted (81.5391% end - trimmed)
50.5388% of 142164 reads accepted (84.7992% end-trimmed)
Pair 2: 0% of 142164 reads accepted (17.2048% end - trimmed)
41.0214% of 607 reads accepted (91.598% end-trimmed)
Pair 2: 0% of 607 reads accepted (55.1895% end - trimmed)
53.8967% of 65837 reads accepted (87.0939% end-trimmed)
Pair 2: 0% of 65837 reads accepted (15.7343% end - trimmed)
38.4236% of 203 reads accepted (89.1626% end-trimmed)
Pair 2: 0% of 203 reads accepted (52.7094% end - trimmed)
2.41869% of 124654 reads accepted (94.07% end-trimmed)
Pair 2: 1.48972% of 124654 reads accepted (92.8257% end - trimmed)
2.12314% of 186422 reads accepted (94.9035% end-trimmed)
Pair 2: 1.29277% of 186422 reads accepted (93.2068% end - trimmed)
2.22854% of 139598 reads accepted (94.0236% end-trimmed)
Pair 2: 1.31019% of 139598 reads accepted (93.2298% end - trimmed)
2.29948% of 101501 reads accepted (94.6739% end-trimmed)
Pair 2: 1.38915% of 101501 reads accepted (93.1577% end - trimmed)
2.33699% of 151819 reads accepted (93.8664% end-trimmed)
Pair 2: 1.46622% of 151819 reads accepted (92.5872% end - trimmed)
1.33364% of 242944 reads accepted (90.8028% end-trimmed)
Pair 2: 0.0757376% of 242944 reads accepted (91.8397% end - trimmed)
2.68898% of 143921 reads accepted (92.7662% end-trimmed)
Pair 2: 1.59949% of 143921 reads accepted (92.2124% end - trimmed)
22.4661% of 12303 reads accepted (84.9874% end-trimmed)
Pair 2: 6.86824% of 12303 reads accepted (47.777% end - trimmed)
23.2499% of 66796 reads accepted (84.9033% end-trimmed)
Pair 2: 8.24001% of 66796 reads accepted (49.503% end - trimmed)
2.39104% of 140148 reads accepted (94.2839% end-trimmed)
Pair 2: 1.50698% of 140148 reads accepted (92.61% end - trimmed)
3.79691% of 113961 reads accepted (88.79% end-trimmed)
Pair 2: 0.0789744% of 113961 reads accepted (84.0814% end - trimmed)
4.64323% of 81495 reads accepted (88.8447% end-trimmed)
Pair 2: 0.106755% of 81495 reads accepted (83.2812% end - trimmed)
1.44036% of 253201 reads accepted (90.3658% end-trimmed)
Pair 2: 0.0691151% of 253201 reads accepted (90.8515% end - trimmed)
1.02253% of 236863 reads accepted (93.2556% end-trimmed)
Pair 2: 0.0363079% of 236863 reads accepted (93.1116% end - trimmed)
1.62987% of 231552 reads accepted (90.6276% end-trimmed)
Pair 2: 0.0729858% of 231552 reads accepted (89.2616% end - trimmed)
1.31826% of 285603 reads accepted (90.7193% end-trimmed)
Pair 2: 0.0605736% of 285603 reads accepted (92.3737% end - trimmed)
1.24191% of 207101 reads accepted (92.2637% end-trimmed)
Pair 2: 0.0647027% of 207101 reads accepted (92.4129% end - trimmed)
